2025-07-10 11:27:31,434 [Worker-1: Loading available Gradle versions] INFO  o.e.b.c.i.u.g.PublishedGradleVersions - Gradle version information cache is not available. Remote download required.
2025-07-10 11:28:12,622 [Worker-9: Importing Maven projects] INFO  o.e.m.c.i.l.LifecycleMappingFactory - Using org.eclipse.m2e.jdt.JarLifecycleMapping lifecycle mapping for MavenProject: com.email:email-writer-sb:v1.0 @ C:\Users\syead\Documents\Code Folders\email-writer\email-writer-sb\pom.xml.
2025-07-10 11:28:14,018 [Worker-9: Importing Maven projects] INFO  o.e.m.j.i.AbstractJavaProjectConfigurator - Adding source folder /email-writer-sb/src/main/java
2025-07-10 11:28:14,022 [Worker-9: Importing Maven projects] INFO  o.e.m.j.i.AbstractJavaProjectConfigurator - Adding resource folder /email-writer-sb/src/main/resources
2025-07-10 11:28:14,023 [Worker-9: Importing Maven projects] INFO  o.e.m.j.i.AbstractJavaProjectConfigurator - Adding resource folder /email-writer-sb/src/main/resources
2025-07-10 11:28:14,026 [Worker-9: Importing Maven projects] INFO  o.e.m.j.i.AbstractJavaProjectConfigurator - Adding source folder /email-writer-sb/src/test/java
2025-07-10 11:28:14,028 [Worker-9: Importing Maven projects] INFO  o.e.m.j.i.AbstractJavaProjectConfigurator - Adding resource folder /email-writer-sb/src/test/resources
2025-07-10 11:28:14,494 [Worker-9: Importing Maven projects] INFO  o.e.m.c.i.p.ProjectConfigurationManager - Imported and configured 1 project(s) in 3 sec
2025-07-10 11:28:16,640 [Worker-2: Building] INFO  o.a.m.s.f.DefaultMavenResourcesFiltering - Copying 1 resource from src\main\resources to target\classes
2025-07-10 11:28:16,663 [Worker-2: Building] INFO  o.a.m.s.f.DefaultMavenResourcesFiltering - Copying 0 resource from src\main\resources to target\classes
2025-07-10 11:28:16,672 [Worker-2: Building] INFO  o.a.m.s.f.DefaultMavenResourcesFiltering - skip non existing resourceDirectory C:\Users\syead\Documents\Code Folders\email-writer\email-writer-sb\src\test\resources
2025-07-10 11:28:35,050 [Worker-0: Building] INFO  o.a.m.s.f.DefaultMavenResourcesFiltering - Copying 1 resource from src\main\resources to target\classes
2025-07-10 11:28:35,067 [Worker-0: Building] INFO  o.a.m.s.f.DefaultMavenResourcesFiltering - Copying 0 resource from src\main\resources to target\classes
2025-07-10 11:28:35,075 [Worker-0: Building] INFO  o.a.m.s.f.DefaultMavenResourcesFiltering - skip non existing resourceDirectory C:\Users\syead\Documents\Code Folders\email-writer\email-writer-sb\src\test\resources
2025-07-10 11:29:02,077 [Worker-0: Building] INFO  o.a.m.s.f.DefaultMavenResourcesFiltering - Copying 0 resource from src\main\resources to target\classes
2025-07-10 11:29:02,079 [Worker-0: Building] INFO  o.a.m.s.f.DefaultMavenResourcesFiltering - Copying 0 resource from src\main\resources to target\classes
2025-07-10 11:29:02,084 [Worker-0: Building] INFO  o.a.m.s.f.DefaultMavenResourcesFiltering - skip non existing resourceDirectory C:\Users\syead\Documents\Code Folders\email-writer\email-writer-sb\src\test\resources
2025-07-10 11:30:58,438 [Worker-10: Building] INFO  o.a.m.s.f.DefaultMavenResourcesFiltering - Copying 0 resource from src\main\resources to target\classes
2025-07-10 11:30:58,441 [Worker-10: Building] INFO  o.a.m.s.f.DefaultMavenResourcesFiltering - Copying 0 resource from src\main\resources to target\classes
2025-07-10 11:30:58,445 [Worker-10: Building] INFO  o.a.m.s.f.DefaultMavenResourcesFiltering - skip non existing resourceDirectory C:\Users\syead\Documents\Code Folders\email-writer\email-writer-sb\src\test\resources
2025-07-10 11:34:10,581 [Worker-12: Building] INFO  o.a.m.s.f.DefaultMavenResourcesFiltering - Copying 1 resource from src\main\resources to target\classes
2025-07-10 11:34:10,587 [Worker-12: Building] INFO  o.a.m.s.f.DefaultMavenResourcesFiltering - Copying 0 resource from src\main\resources to target\classes
2025-07-10 11:34:10,591 [Worker-12: Building] INFO  o.a.m.s.f.DefaultMavenResourcesFiltering - skip non existing resourceDirectory C:\Users\syead\Documents\Code Folders\email-writer\email-writer-sb\src\test\resources
2025-07-10 11:34:12,437 [Worker-10: Building] INFO  o.a.m.s.f.DefaultMavenResourcesFiltering - Copying 1 resource from src\main\resources to target\classes
2025-07-10 11:34:12,442 [Worker-10: Building] INFO  o.a.m.s.f.DefaultMavenResourcesFiltering - Copying 0 resource from src\main\resources to target\classes
2025-07-10 11:34:12,447 [Worker-10: Building] INFO  o.a.m.s.f.DefaultMavenResourcesFiltering - skip non existing resourceDirectory C:\Users\syead\Documents\Code Folders\email-writer\email-writer-sb\src\test\resources
2025-07-10 11:34:18,270 [Worker-10: Building] INFO  o.a.m.s.f.DefaultMavenResourcesFiltering - Copying 1 resource from src\main\resources to target\classes
2025-07-10 11:34:18,280 [Worker-10: Building] INFO  o.a.m.s.f.DefaultMavenResourcesFiltering - Copying 0 resource from src\main\resources to target\classes
2025-07-10 11:34:18,283 [Worker-10: Building] INFO  o.a.m.s.f.DefaultMavenResourcesFiltering - skip non existing resourceDirectory C:\Users\syead\Documents\Code Folders\email-writer\email-writer-sb\src\test\resources
2025-07-10 11:34:50,042 [Worker-8: Building] INFO  o.a.m.s.f.DefaultMavenResourcesFiltering - Copying 1 resource from src\main\resources to target\classes
2025-07-10 11:34:50,045 [Worker-8: Building] INFO  o.a.m.s.f.DefaultMavenResourcesFiltering - Copying 0 resource from src\main\resources to target\classes
2025-07-10 11:34:50,049 [Worker-8: Building] INFO  o.a.m.s.f.DefaultMavenResourcesFiltering - skip non existing resourceDirectory C:\Users\syead\Documents\Code Folders\email-writer\email-writer-sb\src\test\resources
2025-07-10 11:35:26,133 [Worker-10: Building] INFO  o.a.m.s.f.DefaultMavenResourcesFiltering - Copying 1 resource from src\main\resources to target\classes
2025-07-10 11:35:26,142 [Worker-10: Building] INFO  o.a.m.s.f.DefaultMavenResourcesFiltering - Copying 0 resource from src\main\resources to target\classes
2025-07-10 11:35:26,147 [Worker-10: Building] INFO  o.a.m.s.f.DefaultMavenResourcesFiltering - skip non existing resourceDirectory C:\Users\syead\Documents\Code Folders\email-writer\email-writer-sb\src\test\resources
2025-07-10 11:35:57,568 [Worker-1: Building] INFO  o.a.m.s.f.DefaultMavenResourcesFiltering - Copying 1 resource from src\main\resources to target\classes
2025-07-10 11:35:57,573 [Worker-1: Building] INFO  o.a.m.s.f.DefaultMavenResourcesFiltering - Copying 0 resource from src\main\resources to target\classes
2025-07-10 11:35:57,577 [Worker-1: Building] INFO  o.a.m.s.f.DefaultMavenResourcesFiltering - skip non existing resourceDirectory C:\Users\syead\Documents\Code Folders\email-writer\email-writer-sb\src\test\resources
2025-07-10 11:36:03,696 [Worker-12: Building] INFO  o.a.m.s.f.DefaultMavenResourcesFiltering - Copying 1 resource from src\main\resources to target\classes
2025-07-10 11:36:03,701 [Worker-12: Building] INFO  o.a.m.s.f.DefaultMavenResourcesFiltering - Copying 0 resource from src\main\resources to target\classes
2025-07-10 11:36:03,705 [Worker-12: Building] INFO  o.a.m.s.f.DefaultMavenResourcesFiltering - skip non existing resourceDirectory C:\Users\syead\Documents\Code Folders\email-writer\email-writer-sb\src\test\resources
2025-07-10 11:36:27,034 [Worker-8: Building] INFO  o.a.m.s.f.DefaultMavenResourcesFiltering - Copying 1 resource from src\main\resources to target\classes
2025-07-10 11:36:27,040 [Worker-8: Building] INFO  o.a.m.s.f.DefaultMavenResourcesFiltering - Copying 0 resource from src\main\resources to target\classes
2025-07-10 11:36:27,044 [Worker-8: Building] INFO  o.a.m.s.f.DefaultMavenResourcesFiltering - skip non existing resourceDirectory C:\Users\syead\Documents\Code Folders\email-writer\email-writer-sb\src\test\resources
2025-07-10 11:36:35,289 [Worker-4: Building] INFO  o.a.m.s.f.DefaultMavenResourcesFiltering - Copying 1 resource from src\main\resources to target\classes
2025-07-10 11:36:35,292 [Worker-4: Building] INFO  o.a.m.s.f.DefaultMavenResourcesFiltering - Copying 0 resource from src\main\resources to target\classes
2025-07-10 11:36:35,294 [Worker-4: Building] INFO  o.a.m.s.f.DefaultMavenResourcesFiltering - skip non existing resourceDirectory C:\Users\syead\Documents\Code Folders\email-writer\email-writer-sb\src\test\resources
2025-07-10 11:36:39,654 [Worker-10: Building] INFO  o.a.m.s.f.DefaultMavenResourcesFiltering - Copying 1 resource from src\main\resources to target\classes
2025-07-10 11:36:39,659 [Worker-10: Building] INFO  o.a.m.s.f.DefaultMavenResourcesFiltering - Copying 0 resource from src\main\resources to target\classes
2025-07-10 11:36:39,662 [Worker-10: Building] INFO  o.a.m.s.f.DefaultMavenResourcesFiltering - skip non existing resourceDirectory C:\Users\syead\Documents\Code Folders\email-writer\email-writer-sb\src\test\resources
2025-07-10 11:37:10,238 [Worker-12: Building] INFO  o.a.m.s.f.DefaultMavenResourcesFiltering - Copying 1 resource from src\main\resources to target\classes
2025-07-10 11:37:10,266 [Worker-12: Building] INFO  o.a.m.s.f.DefaultMavenResourcesFiltering - Copying 0 resource from src\main\resources to target\classes
2025-07-10 11:37:10,275 [Worker-12: Building] INFO  o.a.m.s.f.DefaultMavenResourcesFiltering - skip non existing resourceDirectory C:\Users\syead\Documents\Code Folders\email-writer\email-writer-sb\src\test\resources
2025-07-10 11:37:13,461 [Worker-6: Building] INFO  o.a.m.s.f.DefaultMavenResourcesFiltering - Copying 1 resource from src\main\resources to target\classes
2025-07-10 11:37:13,464 [Worker-6: Building] INFO  o.a.m.s.f.DefaultMavenResourcesFiltering - Copying 0 resource from src\main\resources to target\classes
2025-07-10 11:37:13,468 [Worker-6: Building] INFO  o.a.m.s.f.DefaultMavenResourcesFiltering - skip non existing resourceDirectory C:\Users\syead\Documents\Code Folders\email-writer\email-writer-sb\src\test\resources
2025-07-10 11:37:19,105 [Worker-13: Building] INFO  o.a.m.s.f.DefaultMavenResourcesFiltering - Copying 1 resource from src\main\resources to target\classes
2025-07-10 11:37:19,108 [Worker-13: Building] INFO  o.a.m.s.f.DefaultMavenResourcesFiltering - Copying 0 resource from src\main\resources to target\classes
2025-07-10 11:37:19,111 [Worker-13: Building] INFO  o.a.m.s.f.DefaultMavenResourcesFiltering - skip non existing resourceDirectory C:\Users\syead\Documents\Code Folders\email-writer\email-writer-sb\src\test\resources
2025-07-10 11:37:24,283 [Worker-13: Building] INFO  o.a.m.s.f.DefaultMavenResourcesFiltering - Copying 1 resource from src\main\resources to target\classes
2025-07-10 11:37:24,287 [Worker-13: Building] INFO  o.a.m.s.f.DefaultMavenResourcesFiltering - Copying 0 resource from src\main\resources to target\classes
2025-07-10 11:37:24,290 [Worker-13: Building] INFO  o.a.m.s.f.DefaultMavenResourcesFiltering - skip non existing resourceDirectory C:\Users\syead\Documents\Code Folders\email-writer\email-writer-sb\src\test\resources
2025-07-10 11:37:26,805 [Worker-6: Building] INFO  o.a.m.s.f.DefaultMavenResourcesFiltering - Copying 1 resource from src\main\resources to target\classes
2025-07-10 11:37:26,808 [Worker-6: Building] INFO  o.a.m.s.f.DefaultMavenResourcesFiltering - Copying 0 resource from src\main\resources to target\classes
2025-07-10 11:37:26,811 [Worker-6: Building] INFO  o.a.m.s.f.DefaultMavenResourcesFiltering - skip non existing resourceDirectory C:\Users\syead\Documents\Code Folders\email-writer\email-writer-sb\src\test\resources
2025-07-10 11:37:59,636 [Worker-13: Building] INFO  o.a.m.s.f.DefaultMavenResourcesFiltering - Copying 0 resource from src\main\resources to target\classes
2025-07-10 11:37:59,637 [Worker-13: Building] INFO  o.a.m.s.f.DefaultMavenResourcesFiltering - Copying 0 resource from src\main\resources to target\classes
2025-07-10 11:37:59,643 [Worker-13: Building] INFO  o.a.m.s.f.DefaultMavenResourcesFiltering - skip non existing resourceDirectory C:\Users\syead\Documents\Code Folders\email-writer\email-writer-sb\src\test\resources
2025-07-10 11:38:13,437 [Worker-4: Building] INFO  o.a.m.s.f.DefaultMavenResourcesFiltering - Copying 0 resource from src\main\resources to target\classes
2025-07-10 11:38:13,438 [Worker-4: Building] INFO  o.a.m.s.f.DefaultMavenResourcesFiltering - Copying 0 resource from src\main\resources to target\classes
2025-07-10 11:38:13,443 [Worker-4: Building] INFO  o.a.m.s.f.DefaultMavenResourcesFiltering - skip non existing resourceDirectory C:\Users\syead\Documents\Code Folders\email-writer\email-writer-sb\src\test\resources
2025-07-10 11:38:20,126 [Worker-1: Building] INFO  o.a.m.s.f.DefaultMavenResourcesFiltering - Copying 0 resource from src\main\resources to target\classes
2025-07-10 11:38:20,127 [Worker-1: Building] INFO  o.a.m.s.f.DefaultMavenResourcesFiltering - Copying 0 resource from src\main\resources to target\classes
2025-07-10 11:38:20,130 [Worker-1: Building] INFO  o.a.m.s.f.DefaultMavenResourcesFiltering - skip non existing resourceDirectory C:\Users\syead\Documents\Code Folders\email-writer\email-writer-sb\src\test\resources
2025-07-10 11:38:26,512 [Worker-10: Building] INFO  o.a.m.s.f.DefaultMavenResourcesFiltering - Copying 0 resource from src\main\resources to target\classes
2025-07-10 11:38:26,513 [Worker-10: Building] INFO  o.a.m.s.f.DefaultMavenResourcesFiltering - Copying 0 resource from src\main\resources to target\classes
2025-07-10 11:38:26,518 [Worker-10: Building] INFO  o.a.m.s.f.DefaultMavenResourcesFiltering - skip non existing resourceDirectory C:\Users\syead\Documents\Code Folders\email-writer\email-writer-sb\src\test\resources
2025-07-10 11:38:49,751 [Worker-12: Building] INFO  o.e.m.c.i.l.LifecycleMappingFactory - Using org.eclipse.m2e.jdt.JarLifecycleMapping lifecycle mapping for MavenProject: com.email:email-writer-sb:v1.0 @ C:\Users\syead\Documents\Code Folders\email-writer\email-writer-sb\pom.xml.
2025-07-10 11:38:50,423 [Worker-12: Building] INFO  o.a.m.s.f.DefaultMavenResourcesFiltering - Copying 0 resource from src\main\resources to target\classes
2025-07-10 11:38:50,424 [Worker-12: Building] INFO  o.a.m.s.f.DefaultMavenResourcesFiltering - Copying 0 resource from src\main\resources to target\classes
2025-07-10 11:38:50,430 [Worker-12: Building] INFO  o.a.m.s.f.DefaultMavenResourcesFiltering - skip non existing resourceDirectory C:\Users\syead\Documents\Code Folders\email-writer\email-writer-sb\src\test\resources
2025-07-10 11:39:38,379 [Worker-13: Building] INFO  o.a.m.s.f.DefaultMavenResourcesFiltering - Copying 1 resource from src\main\resources to target\classes
2025-07-10 11:39:38,389 [Worker-13: Building] INFO  o.a.m.s.f.DefaultMavenResourcesFiltering - Copying 0 resource from src\main\resources to target\classes
2025-07-10 11:39:38,392 [Worker-13: Building] INFO  o.a.m.s.f.DefaultMavenResourcesFiltering - skip non existing resourceDirectory C:\Users\syead\Documents\Code Folders\email-writer\email-writer-sb\src\test\resources
2025-07-10 11:39:55,612 [Worker-13: Building] INFO  o.a.m.s.f.DefaultMavenResourcesFiltering - Copying 1 resource from src\main\resources to target\classes
2025-07-10 11:39:55,615 [Worker-13: Building] INFO  o.a.m.s.f.DefaultMavenResourcesFiltering - Copying 0 resource from src\main\resources to target\classes
2025-07-10 11:39:55,618 [Worker-13: Building] INFO  o.a.m.s.f.DefaultMavenResourcesFiltering - skip non existing resourceDirectory C:\Users\syead\Documents\Code Folders\email-writer\email-writer-sb\src\test\resources
2025-07-10 11:41:27,979 [Worker-4: Loading available Gradle versions] INFO  o.e.b.c.i.u.g.PublishedGradleVersions - Gradle version information cache is up-to-date. Trying to read.
2025-07-10 11:43:12,900 [Worker-13: Building] INFO  o.a.m.s.f.DefaultMavenResourcesFiltering - Copying 1 resource from src\main\resources to target\classes
2025-07-10 11:43:12,916 [Worker-13: Building] INFO  o.a.m.s.f.DefaultMavenResourcesFiltering - Copying 0 resource from src\main\resources to target\classes
2025-07-10 11:43:12,922 [Worker-13: Building] INFO  o.a.m.s.f.DefaultMavenResourcesFiltering - skip non existing resourceDirectory C:\Users\syead\Documents\Code Folders\email-writer\email-writer-sb\src\test\resources
2025-07-10 11:43:44,255 [Worker-11: Building] INFO  o.a.m.s.f.DefaultMavenResourcesFiltering - Copying 1 resource from src\main\resources to target\classes
2025-07-10 11:43:44,260 [Worker-11: Building] INFO  o.a.m.s.f.DefaultMavenResourcesFiltering - Copying 0 resource from src\main\resources to target\classes
2025-07-10 11:43:44,263 [Worker-11: Building] INFO  o.a.m.s.f.DefaultMavenResourcesFiltering - skip non existing resourceDirectory C:\Users\syead\Documents\Code Folders\email-writer\email-writer-sb\src\test\resources
2025-07-10 11:44:25,722 [Worker-10: Building] INFO  o.a.m.s.f.DefaultMavenResourcesFiltering - Copying 1 resource from src\main\resources to target\classes
2025-07-10 11:44:25,728 [Worker-10: Building] INFO  o.a.m.s.f.DefaultMavenResourcesFiltering - Copying 0 resource from src\main\resources to target\classes
2025-07-10 11:44:25,732 [Worker-10: Building] INFO  o.a.m.s.f.DefaultMavenResourcesFiltering - skip non existing resourceDirectory C:\Users\syead\Documents\Code Folders\email-writer\email-writer-sb\src\test\resources
2025-07-10 11:44:52,404 [Worker-0: Building] INFO  o.a.m.s.f.DefaultMavenResourcesFiltering - Copying 1 resource from src\main\resources to target\classes
2025-07-10 11:44:52,417 [Worker-0: Building] INFO  o.a.m.s.f.DefaultMavenResourcesFiltering - Copying 0 resource from src\main\resources to target\classes
2025-07-10 11:44:52,427 [Worker-0: Building] INFO  o.a.m.s.f.DefaultMavenResourcesFiltering - skip non existing resourceDirectory C:\Users\syead\Documents\Code Folders\email-writer\email-writer-sb\src\test\resources
2025-07-10 11:47:12,751 [Worker-4: Building] INFO  o.a.m.s.f.DefaultMavenResourcesFiltering - Copying 1 resource from src\main\resources to target\classes
2025-07-10 11:47:12,755 [Worker-4: Building] INFO  o.a.m.s.f.DefaultMavenResourcesFiltering - Copying 0 resource from src\main\resources to target\classes
2025-07-10 11:47:12,758 [Worker-4: Building] INFO  o.a.m.s.f.DefaultMavenResourcesFiltering - skip non existing resourceDirectory C:\Users\syead\Documents\Code Folders\email-writer\email-writer-sb\src\test\resources
2025-07-10 11:47:37,940 [Worker-12: Launching Executing install in C__Users_syead_Documents_Code Folders_email-writer_email-writer-sb] INFO  o.eclipse.m2e.core.internal.Bundles - getClasspathEntries(Bundle=org.eclipse.m2e.maven.runtime_3.9.900.20250220-2013 [364])
2025-07-10 11:47:37,942 [Worker-12: Launching Executing install in C__Users_syead_Documents_Code Folders_email-writer_email-writer-sb] INFO  o.eclipse.m2e.core.internal.Bundles - 	Entry: C:\Users\syead\Downloads\sts-4.31.0.RELEASE\plugins\org.eclipse.m2e.maven.runtime_3.9.900.20250220-2013
2025-07-10 11:47:37,942 [Worker-12: Launching Executing install in C__Users_syead_Documents_Code Folders_email-writer_email-writer-sb] INFO  o.eclipse.m2e.core.internal.Bundles - 	Entry: C:\Users\syead\Downloads\sts-4.31.0.RELEASE\plugins\org.eclipse.m2e.maven.runtime_3.9.900.20250220-2013\jars\aopalliance-1.0.jar
2025-07-10 11:47:37,942 [Worker-12: Launching Executing install in C__Users_syead_Documents_Code Folders_email-writer_email-writer-sb] INFO  o.eclipse.m2e.core.internal.Bundles - 	Entry: C:\Users\syead\Downloads\sts-4.31.0.RELEASE\plugins\org.eclipse.m2e.maven.runtime_3.9.900.20250220-2013\jars\guice-5.1.0.jar
2025-07-10 11:47:37,943 [Worker-12: Launching Executing install in C__Users_syead_Documents_Code Folders_email-writer_email-writer-sb] INFO  o.eclipse.m2e.core.internal.Bundles - 	Entry: C:\Users\syead\Downloads\sts-4.31.0.RELEASE\plugins\org.eclipse.m2e.maven.runtime_3.9.900.20250220-2013\jars\httpclient-4.5.14.jar
2025-07-10 11:47:37,943 [Worker-12: Launching Executing install in C__Users_syead_Documents_Code Folders_email-writer_email-writer-sb] INFO  o.eclipse.m2e.core.internal.Bundles - 	Entry: C:\Users\syead\Downloads\sts-4.31.0.RELEASE\plugins\org.eclipse.m2e.maven.runtime_3.9.900.20250220-2013\jars\httpcore-4.4.16.jar
2025-07-10 11:47:37,943 [Worker-12: Launching Executing install in C__Users_syead_Documents_Code Folders_email-writer_email-writer-sb] INFO  o.eclipse.m2e.core.internal.Bundles - 	Entry: C:\Users\syead\Downloads\sts-4.31.0.RELEASE\plugins\org.eclipse.m2e.maven.runtime_3.9.900.20250220-2013\jars\jansi-2.4.1.jar
2025-07-10 11:47:37,943 [Worker-12: Launching Executing install in C__Users_syead_Documents_Code Folders_email-writer_email-writer-sb] INFO  o.eclipse.m2e.core.internal.Bundles - 	Entry: C:\Users\syead\Downloads\sts-4.31.0.RELEASE\plugins\org.eclipse.m2e.maven.runtime_3.9.900.20250220-2013\jars\jcl-over-slf4j-1.7.36.jar
2025-07-10 11:47:37,943 [Worker-12: Launching Executing install in C__Users_syead_Documents_Code Folders_email-writer_email-writer-sb] INFO  o.eclipse.m2e.core.internal.Bundles - 	Entry: C:\Users\syead\Downloads\sts-4.31.0.RELEASE\plugins\org.eclipse.m2e.maven.runtime_3.9.900.20250220-2013\jars\maven-artifact-3.9.9.jar
2025-07-10 11:47:37,943 [Worker-12: Launching Executing install in C__Users_syead_Documents_Code Folders_email-writer_email-writer-sb] INFO  o.eclipse.m2e.core.internal.Bundles - 	Entry: C:\Users\syead\Downloads\sts-4.31.0.RELEASE\plugins\org.eclipse.m2e.maven.runtime_3.9.900.20250220-2013\jars\maven-builder-support-3.9.9.jar
2025-07-10 11:47:37,943 [Worker-12: Launching Executing install in C__Users_syead_Documents_Code Folders_email-writer_email-writer-sb] INFO  o.eclipse.m2e.core.internal.Bundles - 	Entry: C:\Users\syead\Downloads\sts-4.31.0.RELEASE\plugins\org.eclipse.m2e.maven.runtime_3.9.900.20250220-2013\jars\maven-compat-3.9.9.jar
2025-07-10 11:47:37,944 [Worker-12: Launching Executing install in C__Users_syead_Documents_Code Folders_email-writer_email-writer-sb] INFO  o.eclipse.m2e.core.internal.Bundles - 	Entry: C:\Users\syead\Downloads\sts-4.31.0.RELEASE\plugins\org.eclipse.m2e.maven.runtime_3.9.900.20250220-2013\jars\maven-core-3.9.9.jar
2025-07-10 11:47:37,944 [Worker-12: Launching Executing install in C__Users_syead_Documents_Code Folders_email-writer_email-writer-sb] INFO  o.eclipse.m2e.core.internal.Bundles - 	Entry: C:\Users\syead\Downloads\sts-4.31.0.RELEASE\plugins\org.eclipse.m2e.maven.runtime_3.9.900.20250220-2013\jars\maven-embedder-3.9.9.jar
2025-07-10 11:47:37,944 [Worker-12: Launching Executing install in C__Users_syead_Documents_Code Folders_email-writer_email-writer-sb] INFO  o.eclipse.m2e.core.internal.Bundles - 	Entry: C:\Users\syead\Downloads\sts-4.31.0.RELEASE\plugins\org.eclipse.m2e.maven.runtime_3.9.900.20250220-2013\jars\maven-model-3.9.9.jar
2025-07-10 11:47:37,944 [Worker-12: Launching Executing install in C__Users_syead_Documents_Code Folders_email-writer_email-writer-sb] INFO  o.eclipse.m2e.core.internal.Bundles - 	Entry: C:\Users\syead\Downloads\sts-4.31.0.RELEASE\plugins\org.eclipse.m2e.maven.runtime_3.9.900.20250220-2013\jars\maven-model-builder-3.9.9.jar
2025-07-10 11:47:37,944 [Worker-12: Launching Executing install in C__Users_syead_Documents_Code Folders_email-writer_email-writer-sb] INFO  o.eclipse.m2e.core.internal.Bundles - 	Entry: C:\Users\syead\Downloads\sts-4.31.0.RELEASE\plugins\org.eclipse.m2e.maven.runtime_3.9.900.20250220-2013\jars\maven-plugin-api-3.9.9.jar
2025-07-10 11:47:37,944 [Worker-12: Launching Executing install in C__Users_syead_Documents_Code Folders_email-writer_email-writer-sb] INFO  o.eclipse.m2e.core.internal.Bundles - 	Entry: C:\Users\syead\Downloads\sts-4.31.0.RELEASE\plugins\org.eclipse.m2e.maven.runtime_3.9.900.20250220-2013\jars\maven-repository-metadata-3.9.9.jar
2025-07-10 11:47:37,945 [Worker-12: Launching Executing install in C__Users_syead_Documents_Code Folders_email-writer_email-writer-sb] INFO  o.eclipse.m2e.core.internal.Bundles - 	Entry: C:\Users\syead\Downloads\sts-4.31.0.RELEASE\plugins\org.eclipse.m2e.maven.runtime_3.9.900.20250220-2013\jars\maven-resolver-api-1.9.22.jar
2025-07-10 11:47:37,945 [Worker-12: Launching Executing install in C__Users_syead_Documents_Code Folders_email-writer_email-writer-sb] INFO  o.eclipse.m2e.core.internal.Bundles - 	Entry: C:\Users\syead\Downloads\sts-4.31.0.RELEASE\plugins\org.eclipse.m2e.maven.runtime_3.9.900.20250220-2013\jars\maven-resolver-connector-basic-1.9.22.jar
2025-07-10 11:47:37,945 [Worker-12: Launching Executing install in C__Users_syead_Documents_Code Folders_email-writer_email-writer-sb] INFO  o.eclipse.m2e.core.internal.Bundles - 	Entry: C:\Users\syead\Downloads\sts-4.31.0.RELEASE\plugins\org.eclipse.m2e.maven.runtime_3.9.900.20250220-2013\jars\maven-resolver-impl-1.9.22.jar
2025-07-10 11:47:37,945 [Worker-12: Launching Executing install in C__Users_syead_Documents_Code Folders_email-writer_email-writer-sb] INFO  o.eclipse.m2e.core.internal.Bundles - 	Entry: C:\Users\syead\Downloads\sts-4.31.0.RELEASE\plugins\org.eclipse.m2e.maven.runtime_3.9.900.20250220-2013\jars\maven-resolver-named-locks-1.9.22.jar
2025-07-10 11:47:37,945 [Worker-12: Launching Executing install in C__Users_syead_Documents_Code Folders_email-writer_email-writer-sb] INFO  o.eclipse.m2e.core.internal.Bundles - 	Entry: C:\Users\syead\Downloads\sts-4.31.0.RELEASE\plugins\org.eclipse.m2e.maven.runtime_3.9.900.20250220-2013\jars\maven-resolver-provider-3.9.9.jar
2025-07-10 11:47:37,945 [Worker-12: Launching Executing install in C__Users_syead_Documents_Code Folders_email-writer_email-writer-sb] INFO  o.eclipse.m2e.core.internal.Bundles - 	Entry: C:\Users\syead\Downloads\sts-4.31.0.RELEASE\plugins\org.eclipse.m2e.maven.runtime_3.9.900.20250220-2013\jars\maven-resolver-spi-1.9.22.jar
2025-07-10 11:47:37,946 [Worker-12: Launching Executing install in C__Users_syead_Documents_Code Folders_email-writer_email-writer-sb] INFO  o.eclipse.m2e.core.internal.Bundles - 	Entry: C:\Users\syead\Downloads\sts-4.31.0.RELEASE\plugins\org.eclipse.m2e.maven.runtime_3.9.900.20250220-2013\jars\maven-resolver-transport-file-1.9.22.jar
2025-07-10 11:47:37,946 [Worker-12: Launching Executing install in C__Users_syead_Documents_Code Folders_email-writer_email-writer-sb] INFO  o.eclipse.m2e.core.internal.Bundles - 	Entry: C:\Users\syead\Downloads\sts-4.31.0.RELEASE\plugins\org.eclipse.m2e.maven.runtime_3.9.900.20250220-2013\jars\maven-resolver-transport-http-1.9.22.jar
2025-07-10 11:47:37,946 [Worker-12: Launching Executing install in C__Users_syead_Documents_Code Folders_email-writer_email-writer-sb] INFO  o.eclipse.m2e.core.internal.Bundles - 	Entry: C:\Users\syead\Downloads\sts-4.31.0.RELEASE\plugins\org.eclipse.m2e.maven.runtime_3.9.900.20250220-2013\jars\maven-resolver-transport-wagon-1.9.22.jar
2025-07-10 11:47:37,947 [Worker-12: Launching Executing install in C__Users_syead_Documents_Code Folders_email-writer_email-writer-sb] INFO  o.eclipse.m2e.core.internal.Bundles - 	Entry: C:\Users\syead\Downloads\sts-4.31.0.RELEASE\plugins\org.eclipse.m2e.maven.runtime_3.9.900.20250220-2013\jars\maven-resolver-util-1.9.22.jar
2025-07-10 11:47:37,947 [Worker-12: Launching Executing install in C__Users_syead_Documents_Code Folders_email-writer_email-writer-sb] INFO  o.eclipse.m2e.core.internal.Bundles - 	Entry: C:\Users\syead\Downloads\sts-4.31.0.RELEASE\plugins\org.eclipse.m2e.maven.runtime_3.9.900.20250220-2013\jars\maven-settings-3.9.9.jar
2025-07-10 11:47:37,947 [Worker-12: Launching Executing install in C__Users_syead_Documents_Code Folders_email-writer_email-writer-sb] INFO  o.eclipse.m2e.core.internal.Bundles - 	Entry: C:\Users\syead\Downloads\sts-4.31.0.RELEASE\plugins\org.eclipse.m2e.maven.runtime_3.9.900.20250220-2013\jars\maven-settings-builder-3.9.9.jar
2025-07-10 11:47:37,947 [Worker-12: Launching Executing install in C__Users_syead_Documents_Code Folders_email-writer_email-writer-sb] INFO  o.eclipse.m2e.core.internal.Bundles - 	Entry: C:\Users\syead\Downloads\sts-4.31.0.RELEASE\plugins\org.eclipse.m2e.maven.runtime_3.9.900.20250220-2013\jars\maven-shared-utils-3.4.2.jar
2025-07-10 11:47:37,947 [Worker-12: Launching Executing install in C__Users_syead_Documents_Code Folders_email-writer_email-writer-sb] INFO  o.eclipse.m2e.core.internal.Bundles - 	Entry: C:\Users\syead\Downloads\sts-4.31.0.RELEASE\plugins\org.eclipse.m2e.maven.runtime_3.9.900.20250220-2013\jars\org.eclipse.sisu.inject-0.9.0.M3.jar
2025-07-10 11:47:37,948 [Worker-12: Launching Executing install in C__Users_syead_Documents_Code Folders_email-writer_email-writer-sb] INFO  o.eclipse.m2e.core.internal.Bundles - 	Entry: C:\Users\syead\Downloads\sts-4.31.0.RELEASE\plugins\org.eclipse.m2e.maven.runtime_3.9.900.20250220-2013\jars\org.eclipse.sisu.plexus-0.9.0.M3.jar
2025-07-10 11:47:37,948 [Worker-12: Launching Executing install in C__Users_syead_Documents_Code Folders_email-writer_email-writer-sb] INFO  o.eclipse.m2e.core.internal.Bundles - 	Entry: C:\Users\syead\Downloads\sts-4.31.0.RELEASE\plugins\org.eclipse.m2e.maven.runtime_3.9.900.20250220-2013\jars\plexus-build-api-0.0.7.jar
2025-07-10 11:47:37,948 [Worker-12: Launching Executing install in C__Users_syead_Documents_Code Folders_email-writer_email-writer-sb] INFO  o.eclipse.m2e.core.internal.Bundles - 	Entry: C:\Users\syead\Downloads\sts-4.31.0.RELEASE\plugins\org.eclipse.m2e.maven.runtime_3.9.900.20250220-2013\jars\plexus-build-api-1.2.0.jar
2025-07-10 11:47:37,948 [Worker-12: Launching Executing install in C__Users_syead_Documents_Code Folders_email-writer_email-writer-sb] INFO  o.eclipse.m2e.core.internal.Bundles - 	Entry: C:\Users\syead\Downloads\sts-4.31.0.RELEASE\plugins\org.eclipse.m2e.maven.runtime_3.9.900.20250220-2013\jars\plexus-cipher-2.0.jar
2025-07-10 11:47:37,948 [Worker-12: Launching Executing install in C__Users_syead_Documents_Code Folders_email-writer_email-writer-sb] INFO  o.eclipse.m2e.core.internal.Bundles - 	Entry: C:\Users\syead\Downloads\sts-4.31.0.RELEASE\plugins\org.eclipse.m2e.maven.runtime_3.9.900.20250220-2013\jars\plexus-classworlds-2.8.0.jar
2025-07-10 11:47:37,949 [Worker-12: Launching Executing install in C__Users_syead_Documents_Code Folders_email-writer_email-writer-sb] INFO  o.eclipse.m2e.core.internal.Bundles - 	Entry: C:\Users\syead\Downloads\sts-4.31.0.RELEASE\plugins\org.eclipse.m2e.maven.runtime_3.9.900.20250220-2013\jars\plexus-component-annotations-2.1.0.jar
2025-07-10 11:47:37,949 [Worker-12: Launching Executing install in C__Users_syead_Documents_Code Folders_email-writer_email-writer-sb] INFO  o.eclipse.m2e.core.internal.Bundles - 	Entry: C:\Users\syead\Downloads\sts-4.31.0.RELEASE\plugins\org.eclipse.m2e.maven.runtime_3.9.900.20250220-2013\jars\plexus-interpolation-1.27.jar
2025-07-10 11:47:37,949 [Worker-12: Launching Executing install in C__Users_syead_Documents_Code Folders_email-writer_email-writer-sb] INFO  o.eclipse.m2e.core.internal.Bundles - 	Entry: C:\Users\syead\Downloads\sts-4.31.0.RELEASE\plugins\org.eclipse.m2e.maven.runtime_3.9.900.20250220-2013\jars\plexus-sec-dispatcher-2.0.jar
2025-07-10 11:47:37,949 [Worker-12: Launching Executing install in C__Users_syead_Documents_Code Folders_email-writer_email-writer-sb] INFO  o.eclipse.m2e.core.internal.Bundles - 	Entry: C:\Users\syead\Downloads\sts-4.31.0.RELEASE\plugins\org.eclipse.m2e.maven.runtime_3.9.900.20250220-2013\jars\plexus-utils-3.5.1.jar
2025-07-10 11:47:37,949 [Worker-12: Launching Executing install in C__Users_syead_Documents_Code Folders_email-writer_email-writer-sb] INFO  o.eclipse.m2e.core.internal.Bundles - 	Entry: C:\Users\syead\Downloads\sts-4.31.0.RELEASE\plugins\org.eclipse.m2e.maven.runtime_3.9.900.20250220-2013\jars\plexus-xml-3.0.1.jar
2025-07-10 11:47:37,949 [Worker-12: Launching Executing install in C__Users_syead_Documents_Code Folders_email-writer_email-writer-sb] INFO  o.eclipse.m2e.core.internal.Bundles - 	Entry: C:\Users\syead\Downloads\sts-4.31.0.RELEASE\plugins\org.eclipse.m2e.maven.runtime_3.9.900.20250220-2013\jars\wagon-file-3.5.3.jar
2025-07-10 11:47:37,949 [Worker-12: Launching Executing install in C__Users_syead_Documents_Code Folders_email-writer_email-writer-sb] INFO  o.eclipse.m2e.core.internal.Bundles - 	Entry: C:\Users\syead\Downloads\sts-4.31.0.RELEASE\plugins\org.eclipse.m2e.maven.runtime_3.9.900.20250220-2013\jars\wagon-http-3.5.3.jar
2025-07-10 11:47:37,949 [Worker-12: Launching Executing install in C__Users_syead_Documents_Code Folders_email-writer_email-writer-sb] INFO  o.eclipse.m2e.core.internal.Bundles - 	Entry: C:\Users\syead\Downloads\sts-4.31.0.RELEASE\plugins\org.eclipse.m2e.maven.runtime_3.9.900.20250220-2013\jars\wagon-http-shared-3.5.3.jar
2025-07-10 11:47:37,950 [Worker-12: Launching Executing install in C__Users_syead_Documents_Code Folders_email-writer_email-writer-sb] INFO  o.eclipse.m2e.core.internal.Bundles - 	Entry: C:\Users\syead\Downloads\sts-4.31.0.RELEASE\plugins\org.eclipse.m2e.maven.runtime_3.9.900.20250220-2013\jars\wagon-provider-api-3.5.3.jar
2025-07-10 11:47:37,951 [Worker-12: Launching Executing install in C__Users_syead_Documents_Code Folders_email-writer_email-writer-sb] INFO  o.eclipse.m2e.core.internal.Bundles - getClasspathEntries(Bundle=com.google.guava_33.4.8.jre [31])
2025-07-10 11:47:37,952 [Worker-12: Launching Executing install in C__Users_syead_Documents_Code Folders_email-writer_email-writer-sb] INFO  o.eclipse.m2e.core.internal.Bundles - 	Entry: C:\Users\syead\Downloads\sts-4.31.0.RELEASE\plugins\com.google.guava_33.4.8.jre.jar
2025-07-10 11:47:37,952 [Worker-12: Launching Executing install in C__Users_syead_Documents_Code Folders_email-writer_email-writer-sb] INFO  o.eclipse.m2e.core.internal.Bundles - getClasspathEntries(Bundle=slf4j.api_2.0.17 [613])
2025-07-10 11:47:37,954 [Worker-12: Launching Executing install in C__Users_syead_Documents_Code Folders_email-writer_email-writer-sb] INFO  o.eclipse.m2e.core.internal.Bundles - 	Entry: C:\Users\syead\Downloads\sts-4.31.0.RELEASE\plugins\slf4j.api_2.0.17.jar
2025-07-10 11:47:37,954 [Worker-12: Launching Executing install in C__Users_syead_Documents_Code Folders_email-writer_email-writer-sb] INFO  o.eclipse.m2e.core.internal.Bundles - getClasspathEntries(Bundle=jakarta.inject.jakarta.inject-api_1.0.5 [46])
2025-07-10 11:47:37,954 [Worker-12: Launching Executing install in C__Users_syead_Documents_Code Folders_email-writer_email-writer-sb] INFO  o.eclipse.m2e.core.internal.Bundles - 	Entry: C:\Users\syead\Downloads\sts-4.31.0.RELEASE\plugins\jakarta.inject.jakarta.inject-api_1.0.5.jar
2025-07-10 11:47:37,954 [Worker-12: Launching Executing install in C__Users_syead_Documents_Code Folders_email-writer_email-writer-sb] INFO  o.eclipse.m2e.core.internal.Bundles - getClasspathEntries(Bundle=javax.annotation_1.3.5.v20200909-1856 [55])
2025-07-10 11:47:37,955 [Worker-12: Launching Executing install in C__Users_syead_Documents_Code Folders_email-writer_email-writer-sb] INFO  o.eclipse.m2e.core.internal.Bundles - 	Entry: C:\Users\syead\Downloads\sts-4.31.0.RELEASE\plugins\javax.annotation_1.3.5.v20200909-1856.jar
2025-07-10 11:47:37,955 [Worker-12: Launching Executing install in C__Users_syead_Documents_Code Folders_email-writer_email-writer-sb] INFO  o.eclipse.m2e.core.internal.Bundles - getClasspathEntries(Bundle=org.apache.commons.cli_1.9.0 [79])
2025-07-10 11:47:37,955 [Worker-12: Launching Executing install in C__Users_syead_Documents_Code Folders_email-writer_email-writer-sb] INFO  o.eclipse.m2e.core.internal.Bundles - 	Entry: C:\Users\syead\Downloads\sts-4.31.0.RELEASE\plugins\org.apache.commons.cli_1.9.0.jar
2025-07-10 11:47:37,955 [Worker-12: Launching Executing install in C__Users_syead_Documents_Code Folders_email-writer_email-writer-sb] INFO  o.eclipse.m2e.core.internal.Bundles - getClasspathEntries(Bundle=org.apache.commons.commons-codec_1.16.0 [81])
2025-07-10 11:47:37,955 [Worker-12: Launching Executing install in C__Users_syead_Documents_Code Folders_email-writer_email-writer-sb] INFO  o.eclipse.m2e.core.internal.Bundles - 	Entry: C:\Users\syead\Downloads\sts-4.31.0.RELEASE\plugins\org.apache.commons.commons-codec_1.16.0.jar
2025-07-10 11:47:37,955 [Worker-12: Launching Executing install in C__Users_syead_Documents_Code Folders_email-writer_email-writer-sb] INFO  o.eclipse.m2e.core.internal.Bundles - getClasspathEntries(Bundle=com.google.guava.failureaccess_1.0.3 [32])
2025-07-10 11:47:37,956 [Worker-12: Launching Executing install in C__Users_syead_Documents_Code Folders_email-writer_email-writer-sb] INFO  o.eclipse.m2e.core.internal.Bundles - 	Entry: C:\Users\syead\Downloads\sts-4.31.0.RELEASE\plugins\com.google.guava.failureaccess_1.0.3.jar
2025-07-10 11:47:37,959 [Worker-12: Launching Executing install in C__Users_syead_Documents_Code Folders_email-writer_email-writer-sb] INFO  o.e.m.i.launch.MavenLaunchDelegate - Run build in "C:\Users\syead\Documents\Code Folders\email-writer\email-writer-sb":
2025-07-10 11:47:37,960 [Worker-12: Launching Executing install in C__Users_syead_Documents_Code Folders_email-writer_email-writer-sb] INFO  o.e.m.i.launch.MavenLaunchDelegate -  mvn  -B -Dstyle.color=always install
2025-07-10 11:48:27,288 [Worker-12: Launching Executing install in C__Users_syead_Documents_Code Folders_email-writer_email-writer-sb] INFO  o.eclipse.m2e.core.internal.Bundles - getClasspathEntries(Bundle=org.eclipse.m2e.maven.runtime_3.9.900.20250220-2013 [364])
2025-07-10 11:48:27,289 [Worker-12: Launching Executing install in C__Users_syead_Documents_Code Folders_email-writer_email-writer-sb] INFO  o.eclipse.m2e.core.internal.Bundles - 	Entry: C:\Users\syead\Downloads\sts-4.31.0.RELEASE\plugins\org.eclipse.m2e.maven.runtime_3.9.900.20250220-2013
2025-07-10 11:48:27,289 [Worker-12: Launching Executing install in C__Users_syead_Documents_Code Folders_email-writer_email-writer-sb] INFO  o.eclipse.m2e.core.internal.Bundles - 	Entry: C:\Users\syead\Downloads\sts-4.31.0.RELEASE\plugins\org.eclipse.m2e.maven.runtime_3.9.900.20250220-2013\jars\aopalliance-1.0.jar
2025-07-10 11:48:27,289 [Worker-12: Launching Executing install in C__Users_syead_Documents_Code Folders_email-writer_email-writer-sb] INFO  o.eclipse.m2e.core.internal.Bundles - 	Entry: C:\Users\syead\Downloads\sts-4.31.0.RELEASE\plugins\org.eclipse.m2e.maven.runtime_3.9.900.20250220-2013\jars\guice-5.1.0.jar
2025-07-10 11:48:27,289 [Worker-12: Launching Executing install in C__Users_syead_Documents_Code Folders_email-writer_email-writer-sb] INFO  o.eclipse.m2e.core.internal.Bundles - 	Entry: C:\Users\syead\Downloads\sts-4.31.0.RELEASE\plugins\org.eclipse.m2e.maven.runtime_3.9.900.20250220-2013\jars\httpclient-4.5.14.jar
2025-07-10 11:48:27,289 [Worker-12: Launching Executing install in C__Users_syead_Documents_Code Folders_email-writer_email-writer-sb] INFO  o.eclipse.m2e.core.internal.Bundles - 	Entry: C:\Users\syead\Downloads\sts-4.31.0.RELEASE\plugins\org.eclipse.m2e.maven.runtime_3.9.900.20250220-2013\jars\httpcore-4.4.16.jar
2025-07-10 11:48:27,289 [Worker-12: Launching Executing install in C__Users_syead_Documents_Code Folders_email-writer_email-writer-sb] INFO  o.eclipse.m2e.core.internal.Bundles - 	Entry: C:\Users\syead\Downloads\sts-4.31.0.RELEASE\plugins\org.eclipse.m2e.maven.runtime_3.9.900.20250220-2013\jars\jansi-2.4.1.jar
2025-07-10 11:48:27,289 [Worker-12: Launching Executing install in C__Users_syead_Documents_Code Folders_email-writer_email-writer-sb] INFO  o.eclipse.m2e.core.internal.Bundles - 	Entry: C:\Users\syead\Downloads\sts-4.31.0.RELEASE\plugins\org.eclipse.m2e.maven.runtime_3.9.900.20250220-2013\jars\jcl-over-slf4j-1.7.36.jar
2025-07-10 11:48:27,290 [Worker-12: Launching Executing install in C__Users_syead_Documents_Code Folders_email-writer_email-writer-sb] INFO  o.eclipse.m2e.core.internal.Bundles - 	Entry: C:\Users\syead\Downloads\sts-4.31.0.RELEASE\plugins\org.eclipse.m2e.maven.runtime_3.9.900.20250220-2013\jars\maven-artifact-3.9.9.jar
2025-07-10 11:48:27,290 [Worker-12: Launching Executing install in C__Users_syead_Documents_Code Folders_email-writer_email-writer-sb] INFO  o.eclipse.m2e.core.internal.Bundles - 	Entry: C:\Users\syead\Downloads\sts-4.31.0.RELEASE\plugins\org.eclipse.m2e.maven.runtime_3.9.900.20250220-2013\jars\maven-builder-support-3.9.9.jar
2025-07-10 11:48:27,290 [Worker-12: Launching Executing install in C__Users_syead_Documents_Code Folders_email-writer_email-writer-sb] INFO  o.eclipse.m2e.core.internal.Bundles - 	Entry: C:\Users\syead\Downloads\sts-4.31.0.RELEASE\plugins\org.eclipse.m2e.maven.runtime_3.9.900.20250220-2013\jars\maven-compat-3.9.9.jar
2025-07-10 11:48:27,290 [Worker-12: Launching Executing install in C__Users_syead_Documents_Code Folders_email-writer_email-writer-sb] INFO  o.eclipse.m2e.core.internal.Bundles - 	Entry: C:\Users\syead\Downloads\sts-4.31.0.RELEASE\plugins\org.eclipse.m2e.maven.runtime_3.9.900.20250220-2013\jars\maven-core-3.9.9.jar
2025-07-10 11:48:27,290 [Worker-12: Launching Executing install in C__Users_syead_Documents_Code Folders_email-writer_email-writer-sb] INFO  o.eclipse.m2e.core.internal.Bundles - 	Entry: C:\Users\syead\Downloads\sts-4.31.0.RELEASE\plugins\org.eclipse.m2e.maven.runtime_3.9.900.20250220-2013\jars\maven-embedder-3.9.9.jar
2025-07-10 11:48:27,290 [Worker-12: Launching Executing install in C__Users_syead_Documents_Code Folders_email-writer_email-writer-sb] INFO  o.eclipse.m2e.core.internal.Bundles - 	Entry: C:\Users\syead\Downloads\sts-4.31.0.RELEASE\plugins\org.eclipse.m2e.maven.runtime_3.9.900.20250220-2013\jars\maven-model-3.9.9.jar
2025-07-10 11:48:27,290 [Worker-12: Launching Executing install in C__Users_syead_Documents_Code Folders_email-writer_email-writer-sb] INFO  o.eclipse.m2e.core.internal.Bundles - 	Entry: C:\Users\syead\Downloads\sts-4.31.0.RELEASE\plugins\org.eclipse.m2e.maven.runtime_3.9.900.20250220-2013\jars\maven-model-builder-3.9.9.jar
2025-07-10 11:48:27,290 [Worker-12: Launching Executing install in C__Users_syead_Documents_Code Folders_email-writer_email-writer-sb] INFO  o.eclipse.m2e.core.internal.Bundles - 	Entry: C:\Users\syead\Downloads\sts-4.31.0.RELEASE\plugins\org.eclipse.m2e.maven.runtime_3.9.900.20250220-2013\jars\maven-plugin-api-3.9.9.jar
2025-07-10 11:48:27,290 [Worker-12: Launching Executing install in C__Users_syead_Documents_Code Folders_email-writer_email-writer-sb] INFO  o.eclipse.m2e.core.internal.Bundles - 	Entry: C:\Users\syead\Downloads\sts-4.31.0.RELEASE\plugins\org.eclipse.m2e.maven.runtime_3.9.900.20250220-2013\jars\maven-repository-metadata-3.9.9.jar
2025-07-10 11:48:27,290 [Worker-12: Launching Executing install in C__Users_syead_Documents_Code Folders_email-writer_email-writer-sb] INFO  o.eclipse.m2e.core.internal.Bundles - 	Entry: C:\Users\syead\Downloads\sts-4.31.0.RELEASE\plugins\org.eclipse.m2e.maven.runtime_3.9.900.20250220-2013\jars\maven-resolver-api-1.9.22.jar
2025-07-10 11:48:27,290 [Worker-12: Launching Executing install in C__Users_syead_Documents_Code Folders_email-writer_email-writer-sb] INFO  o.eclipse.m2e.core.internal.Bundles - 	Entry: C:\Users\syead\Downloads\sts-4.31.0.RELEASE\plugins\org.eclipse.m2e.maven.runtime_3.9.900.20250220-2013\jars\maven-resolver-connector-basic-1.9.22.jar
2025-07-10 11:48:27,290 [Worker-12: Launching Executing install in C__Users_syead_Documents_Code Folders_email-writer_email-writer-sb] INFO  o.eclipse.m2e.core.internal.Bundles - 	Entry: C:\Users\syead\Downloads\sts-4.31.0.RELEASE\plugins\org.eclipse.m2e.maven.runtime_3.9.900.20250220-2013\jars\maven-resolver-impl-1.9.22.jar
2025-07-10 11:48:27,290 [Worker-12: Launching Executing install in C__Users_syead_Documents_Code Folders_email-writer_email-writer-sb] INFO  o.eclipse.m2e.core.internal.Bundles - 	Entry: C:\Users\syead\Downloads\sts-4.31.0.RELEASE\plugins\org.eclipse.m2e.maven.runtime_3.9.900.20250220-2013\jars\maven-resolver-named-locks-1.9.22.jar
2025-07-10 11:48:27,290 [Worker-12: Launching Executing install in C__Users_syead_Documents_Code Folders_email-writer_email-writer-sb] INFO  o.eclipse.m2e.core.internal.Bundles - 	Entry: C:\Users\syead\Downloads\sts-4.31.0.RELEASE\plugins\org.eclipse.m2e.maven.runtime_3.9.900.20250220-2013\jars\maven-resolver-provider-3.9.9.jar
2025-07-10 11:48:27,290 [Worker-12: Launching Executing install in C__Users_syead_Documents_Code Folders_email-writer_email-writer-sb] INFO  o.eclipse.m2e.core.internal.Bundles - 	Entry: C:\Users\syead\Downloads\sts-4.31.0.RELEASE\plugins\org.eclipse.m2e.maven.runtime_3.9.900.20250220-2013\jars\maven-resolver-spi-1.9.22.jar
2025-07-10 11:48:27,292 [Worker-12: Launching Executing install in C__Users_syead_Documents_Code Folders_email-writer_email-writer-sb] INFO  o.eclipse.m2e.core.internal.Bundles - 	Entry: C:\Users\syead\Downloads\sts-4.31.0.RELEASE\plugins\org.eclipse.m2e.maven.runtime_3.9.900.20250220-2013\jars\maven-resolver-transport-file-1.9.22.jar
2025-07-10 11:48:27,292 [Worker-12: Launching Executing install in C__Users_syead_Documents_Code Folders_email-writer_email-writer-sb] INFO  o.eclipse.m2e.core.internal.Bundles - 	Entry: C:\Users\syead\Downloads\sts-4.31.0.RELEASE\plugins\org.eclipse.m2e.maven.runtime_3.9.900.20250220-2013\jars\maven-resolver-transport-http-1.9.22.jar
2025-07-10 11:48:27,292 [Worker-12: Launching Executing install in C__Users_syead_Documents_Code Folders_email-writer_email-writer-sb] INFO  o.eclipse.m2e.core.internal.Bundles - 	Entry: C:\Users\syead\Downloads\sts-4.31.0.RELEASE\plugins\org.eclipse.m2e.maven.runtime_3.9.900.20250220-2013\jars\maven-resolver-transport-wagon-1.9.22.jar
2025-07-10 11:48:27,292 [Worker-12: Launching Executing install in C__Users_syead_Documents_Code Folders_email-writer_email-writer-sb] INFO  o.eclipse.m2e.core.internal.Bundles - 	Entry: C:\Users\syead\Downloads\sts-4.31.0.RELEASE\plugins\org.eclipse.m2e.maven.runtime_3.9.900.20250220-2013\jars\maven-resolver-util-1.9.22.jar
2025-07-10 11:48:27,292 [Worker-12: Launching Executing install in C__Users_syead_Documents_Code Folders_email-writer_email-writer-sb] INFO  o.eclipse.m2e.core.internal.Bundles - 	Entry: C:\Users\syead\Downloads\sts-4.31.0.RELEASE\plugins\org.eclipse.m2e.maven.runtime_3.9.900.20250220-2013\jars\maven-settings-3.9.9.jar
2025-07-10 11:48:27,292 [Worker-12: Launching Executing install in C__Users_syead_Documents_Code Folders_email-writer_email-writer-sb] INFO  o.eclipse.m2e.core.internal.Bundles - 	Entry: C:\Users\syead\Downloads\sts-4.31.0.RELEASE\plugins\org.eclipse.m2e.maven.runtime_3.9.900.20250220-2013\jars\maven-settings-builder-3.9.9.jar
2025-07-10 11:48:27,292 [Worker-12: Launching Executing install in C__Users_syead_Documents_Code Folders_email-writer_email-writer-sb] INFO  o.eclipse.m2e.core.internal.Bundles - 	Entry: C:\Users\syead\Downloads\sts-4.31.0.RELEASE\plugins\org.eclipse.m2e.maven.runtime_3.9.900.20250220-2013\jars\maven-shared-utils-3.4.2.jar
2025-07-10 11:48:27,293 [Worker-12: Launching Executing install in C__Users_syead_Documents_Code Folders_email-writer_email-writer-sb] INFO  o.eclipse.m2e.core.internal.Bundles - 	Entry: C:\Users\syead\Downloads\sts-4.31.0.RELEASE\plugins\org.eclipse.m2e.maven.runtime_3.9.900.20250220-2013\jars\org.eclipse.sisu.inject-0.9.0.M3.jar
2025-07-10 11:48:27,293 [Worker-12: Launching Executing install in C__Users_syead_Documents_Code Folders_email-writer_email-writer-sb] INFO  o.eclipse.m2e.core.internal.Bundles - 	Entry: C:\Users\syead\Downloads\sts-4.31.0.RELEASE\plugins\org.eclipse.m2e.maven.runtime_3.9.900.20250220-2013\jars\org.eclipse.sisu.plexus-0.9.0.M3.jar
2025-07-10 11:48:27,293 [Worker-12: Launching Executing install in C__Users_syead_Documents_Code Folders_email-writer_email-writer-sb] INFO  o.eclipse.m2e.core.internal.Bundles - 	Entry: C:\Users\syead\Downloads\sts-4.31.0.RELEASE\plugins\org.eclipse.m2e.maven.runtime_3.9.900.20250220-2013\jars\plexus-build-api-0.0.7.jar
2025-07-10 11:48:27,293 [Worker-12: Launching Executing install in C__Users_syead_Documents_Code Folders_email-writer_email-writer-sb] INFO  o.eclipse.m2e.core.internal.Bundles - 	Entry: C:\Users\syead\Downloads\sts-4.31.0.RELEASE\plugins\org.eclipse.m2e.maven.runtime_3.9.900.20250220-2013\jars\plexus-build-api-1.2.0.jar
2025-07-10 11:48:27,293 [Worker-12: Launching Executing install in C__Users_syead_Documents_Code Folders_email-writer_email-writer-sb] INFO  o.eclipse.m2e.core.internal.Bundles - 	Entry: C:\Users\syead\Downloads\sts-4.31.0.RELEASE\plugins\org.eclipse.m2e.maven.runtime_3.9.900.20250220-2013\jars\plexus-cipher-2.0.jar
2025-07-10 11:48:27,293 [Worker-12: Launching Executing install in C__Users_syead_Documents_Code Folders_email-writer_email-writer-sb] INFO  o.eclipse.m2e.core.internal.Bundles - 	Entry: C:\Users\syead\Downloads\sts-4.31.0.RELEASE\plugins\org.eclipse.m2e.maven.runtime_3.9.900.20250220-2013\jars\plexus-classworlds-2.8.0.jar
2025-07-10 11:48:27,293 [Worker-12: Launching Executing install in C__Users_syead_Documents_Code Folders_email-writer_email-writer-sb] INFO  o.eclipse.m2e.core.internal.Bundles - 	Entry: C:\Users\syead\Downloads\sts-4.31.0.RELEASE\plugins\org.eclipse.m2e.maven.runtime_3.9.900.20250220-2013\jars\plexus-component-annotations-2.1.0.jar
2025-07-10 11:48:27,293 [Worker-12: Launching Executing install in C__Users_syead_Documents_Code Folders_email-writer_email-writer-sb] INFO  o.eclipse.m2e.core.internal.Bundles - 	Entry: C:\Users\syead\Downloads\sts-4.31.0.RELEASE\plugins\org.eclipse.m2e.maven.runtime_3.9.900.20250220-2013\jars\plexus-interpolation-1.27.jar
2025-07-10 11:48:27,293 [Worker-12: Launching Executing install in C__Users_syead_Documents_Code Folders_email-writer_email-writer-sb] INFO  o.eclipse.m2e.core.internal.Bundles - 	Entry: C:\Users\syead\Downloads\sts-4.31.0.RELEASE\plugins\org.eclipse.m2e.maven.runtime_3.9.900.20250220-2013\jars\plexus-sec-dispatcher-2.0.jar
2025-07-10 11:48:27,293 [Worker-12: Launching Executing install in C__Users_syead_Documents_Code Folders_email-writer_email-writer-sb] INFO  o.eclipse.m2e.core.internal.Bundles - 	Entry: C:\Users\syead\Downloads\sts-4.31.0.RELEASE\plugins\org.eclipse.m2e.maven.runtime_3.9.900.20250220-2013\jars\plexus-utils-3.5.1.jar
2025-07-10 11:48:27,294 [Worker-12: Launching Executing install in C__Users_syead_Documents_Code Folders_email-writer_email-writer-sb] INFO  o.eclipse.m2e.core.internal.Bundles - 	Entry: C:\Users\syead\Downloads\sts-4.31.0.RELEASE\plugins\org.eclipse.m2e.maven.runtime_3.9.900.20250220-2013\jars\plexus-xml-3.0.1.jar
2025-07-10 11:48:27,294 [Worker-12: Launching Executing install in C__Users_syead_Documents_Code Folders_email-writer_email-writer-sb] INFO  o.eclipse.m2e.core.internal.Bundles - 	Entry: C:\Users\syead\Downloads\sts-4.31.0.RELEASE\plugins\org.eclipse.m2e.maven.runtime_3.9.900.20250220-2013\jars\wagon-file-3.5.3.jar
2025-07-10 11:48:27,294 [Worker-12: Launching Executing install in C__Users_syead_Documents_Code Folders_email-writer_email-writer-sb] INFO  o.eclipse.m2e.core.internal.Bundles - 	Entry: C:\Users\syead\Downloads\sts-4.31.0.RELEASE\plugins\org.eclipse.m2e.maven.runtime_3.9.900.20250220-2013\jars\wagon-http-3.5.3.jar
2025-07-10 11:48:27,294 [Worker-12: Launching Executing install in C__Users_syead_Documents_Code Folders_email-writer_email-writer-sb] INFO  o.eclipse.m2e.core.internal.Bundles - 	Entry: C:\Users\syead\Downloads\sts-4.31.0.RELEASE\plugins\org.eclipse.m2e.maven.runtime_3.9.900.20250220-2013\jars\wagon-http-shared-3.5.3.jar
2025-07-10 11:48:27,294 [Worker-12: Launching Executing install in C__Users_syead_Documents_Code Folders_email-writer_email-writer-sb] INFO  o.eclipse.m2e.core.internal.Bundles - 	Entry: C:\Users\syead\Downloads\sts-4.31.0.RELEASE\plugins\org.eclipse.m2e.maven.runtime_3.9.900.20250220-2013\jars\wagon-provider-api-3.5.3.jar
2025-07-10 11:48:27,294 [Worker-12: Launching Executing install in C__Users_syead_Documents_Code Folders_email-writer_email-writer-sb] INFO  o.eclipse.m2e.core.internal.Bundles - getClasspathEntries(Bundle=com.google.guava_33.4.8.jre [31])
2025-07-10 11:48:27,294 [Worker-12: Launching Executing install in C__Users_syead_Documents_Code Folders_email-writer_email-writer-sb] INFO  o.eclipse.m2e.core.internal.Bundles - 	Entry: C:\Users\syead\Downloads\sts-4.31.0.RELEASE\plugins\com.google.guava_33.4.8.jre.jar
2025-07-10 11:48:27,294 [Worker-12: Launching Executing install in C__Users_syead_Documents_Code Folders_email-writer_email-writer-sb] INFO  o.eclipse.m2e.core.internal.Bundles - getClasspathEntries(Bundle=slf4j.api_2.0.17 [613])
2025-07-10 11:48:27,295 [Worker-12: Launching Executing install in C__Users_syead_Documents_Code Folders_email-writer_email-writer-sb] INFO  o.eclipse.m2e.core.internal.Bundles - 	Entry: C:\Users\syead\Downloads\sts-4.31.0.RELEASE\plugins\slf4j.api_2.0.17.jar
2025-07-10 11:48:27,295 [Worker-12: Launching Executing install in C__Users_syead_Documents_Code Folders_email-writer_email-writer-sb] INFO  o.eclipse.m2e.core.internal.Bundles - getClasspathEntries(Bundle=jakarta.inject.jakarta.inject-api_1.0.5 [46])
2025-07-10 11:48:27,295 [Worker-12: Launching Executing install in C__Users_syead_Documents_Code Folders_email-writer_email-writer-sb] INFO  o.eclipse.m2e.core.internal.Bundles - 	Entry: C:\Users\syead\Downloads\sts-4.31.0.RELEASE\plugins\jakarta.inject.jakarta.inject-api_1.0.5.jar
2025-07-10 11:48:27,295 [Worker-12: Launching Executing install in C__Users_syead_Documents_Code Folders_email-writer_email-writer-sb] INFO  o.eclipse.m2e.core.internal.Bundles - getClasspathEntries(Bundle=javax.annotation_1.3.5.v20200909-1856 [55])
2025-07-10 11:48:27,295 [Worker-12: Launching Executing install in C__Users_syead_Documents_Code Folders_email-writer_email-writer-sb] INFO  o.eclipse.m2e.core.internal.Bundles - 	Entry: C:\Users\syead\Downloads\sts-4.31.0.RELEASE\plugins\javax.annotation_1.3.5.v20200909-1856.jar
2025-07-10 11:48:27,295 [Worker-12: Launching Executing install in C__Users_syead_Documents_Code Folders_email-writer_email-writer-sb] INFO  o.eclipse.m2e.core.internal.Bundles - getClasspathEntries(Bundle=org.apache.commons.cli_1.9.0 [79])
2025-07-10 11:48:27,295 [Worker-12: Launching Executing install in C__Users_syead_Documents_Code Folders_email-writer_email-writer-sb] INFO  o.eclipse.m2e.core.internal.Bundles - 	Entry: C:\Users\syead\Downloads\sts-4.31.0.RELEASE\plugins\org.apache.commons.cli_1.9.0.jar
2025-07-10 11:48:27,295 [Worker-12: Launching Executing install in C__Users_syead_Documents_Code Folders_email-writer_email-writer-sb] INFO  o.eclipse.m2e.core.internal.Bundles - getClasspathEntries(Bundle=org.apache.commons.commons-codec_1.16.0 [81])
2025-07-10 11:48:27,297 [Worker-12: Launching Executing install in C__Users_syead_Documents_Code Folders_email-writer_email-writer-sb] INFO  o.eclipse.m2e.core.internal.Bundles - 	Entry: C:\Users\syead\Downloads\sts-4.31.0.RELEASE\plugins\org.apache.commons.commons-codec_1.16.0.jar
2025-07-10 11:48:27,297 [Worker-12: Launching Executing install in C__Users_syead_Documents_Code Folders_email-writer_email-writer-sb] INFO  o.eclipse.m2e.core.internal.Bundles - getClasspathEntries(Bundle=com.google.guava.failureaccess_1.0.3 [32])
2025-07-10 11:48:27,297 [Worker-12: Launching Executing install in C__Users_syead_Documents_Code Folders_email-writer_email-writer-sb] INFO  o.eclipse.m2e.core.internal.Bundles - 	Entry: C:\Users\syead\Downloads\sts-4.31.0.RELEASE\plugins\com.google.guava.failureaccess_1.0.3.jar
2025-07-10 11:48:27,298 [Worker-12: Launching Executing install in C__Users_syead_Documents_Code Folders_email-writer_email-writer-sb] INFO  o.e.m.i.launch.MavenLaunchDelegate - Run build in "C:\Users\syead\Documents\Code Folders\email-writer\email-writer-sb":
2025-07-10 11:48:27,298 [Worker-12: Launching Executing install in C__Users_syead_Documents_Code Folders_email-writer_email-writer-sb] INFO  o.e.m.i.launch.MavenLaunchDelegate -  mvn  -B -Dstyle.color=always install
2025-07-10 12:50:33,851 [Worker-24: Building] INFO  o.a.m.s.f.DefaultMavenResourcesFiltering - Copying 0 resource from src\main\resources to target\classes
2025-07-10 12:50:33,853 [Worker-24: Building] INFO  o.a.m.s.f.DefaultMavenResourcesFiltering - Copying 0 resource from src\main\resources to target\classes
2025-07-10 12:50:33,858 [Worker-24: Building] INFO  o.a.m.s.f.DefaultMavenResourcesFiltering - skip non existing resourceDirectory C:\Users\syead\Documents\Code Folders\email-writer\email-writer-sb\src\test\resources
2025-07-10 12:51:46,308 [Worker-24: Building] INFO  o.a.m.s.f.DefaultMavenResourcesFiltering - Copying 0 resource from src\main\resources to target\classes
2025-07-10 12:51:46,309 [Worker-24: Building] INFO  o.a.m.s.f.DefaultMavenResourcesFiltering - Copying 0 resource from src\main\resources to target\classes
2025-07-10 12:51:46,318 [Worker-24: Building] INFO  o.a.m.s.f.DefaultMavenResourcesFiltering - skip non existing resourceDirectory C:\Users\syead\Documents\Code Folders\email-writer\email-writer-sb\src\test\resources
2025-07-10 12:52:04,347 [Worker-24: Building] INFO  o.a.m.s.f.DefaultMavenResourcesFiltering - Copying 0 resource from src\main\resources to target\classes
2025-07-10 12:52:04,347 [Worker-24: Building] INFO  o.a.m.s.f.DefaultMavenResourcesFiltering - Copying 0 resource from src\main\resources to target\classes
2025-07-10 12:52:04,351 [Worker-24: Building] INFO  o.a.m.s.f.DefaultMavenResourcesFiltering - skip non existing resourceDirectory C:\Users\syead\Documents\Code Folders\email-writer\email-writer-sb\src\test\resources
2025-07-10 12:53:32,707 [Worker-24: Building] INFO  o.a.m.s.f.DefaultMavenResourcesFiltering - Copying 0 resource from src\main\resources to target\classes
2025-07-10 12:53:32,708 [Worker-24: Building] INFO  o.a.m.s.f.DefaultMavenResourcesFiltering - Copying 0 resource from src\main\resources to target\classes
2025-07-10 12:53:32,710 [Worker-24: Building] INFO  o.a.m.s.f.DefaultMavenResourcesFiltering - skip non existing resourceDirectory C:\Users\syead\Documents\Code Folders\email-writer\email-writer-sb\src\test\resources
2025-07-10 12:54:37,022 [Worker-31: Building] INFO  o.a.m.s.f.DefaultMavenResourcesFiltering - Copying 0 resource from src\main\resources to target\classes
2025-07-10 12:54:37,023 [Worker-31: Building] INFO  o.a.m.s.f.DefaultMavenResourcesFiltering - Copying 0 resource from src\main\resources to target\classes
2025-07-10 12:54:37,026 [Worker-31: Building] INFO  o.a.m.s.f.DefaultMavenResourcesFiltering - skip non existing resourceDirectory C:\Users\syead\Documents\Code Folders\email-writer\email-writer-sb\src\test\resources
2025-07-10 12:54:44,702 [Worker-25: Building] INFO  o.a.m.s.f.DefaultMavenResourcesFiltering - Copying 0 resource from src\main\resources to target\classes
2025-07-10 12:54:44,703 [Worker-25: Building] INFO  o.a.m.s.f.DefaultMavenResourcesFiltering - Copying 0 resource from src\main\resources to target\classes
2025-07-10 12:54:44,705 [Worker-25: Building] INFO  o.a.m.s.f.DefaultMavenResourcesFiltering - skip non existing resourceDirectory C:\Users\syead\Documents\Code Folders\email-writer\email-writer-sb\src\test\resources
2025-07-10 12:54:47,510 [Worker-32: Building] INFO  o.a.m.s.f.DefaultMavenResourcesFiltering - Copying 0 resource from src\main\resources to target\classes
2025-07-10 12:54:47,511 [Worker-32: Building] INFO  o.a.m.s.f.DefaultMavenResourcesFiltering - Copying 0 resource from src\main\resources to target\classes
2025-07-10 12:54:47,513 [Worker-32: Building] INFO  o.a.m.s.f.DefaultMavenResourcesFiltering - skip non existing resourceDirectory C:\Users\syead\Documents\Code Folders\email-writer\email-writer-sb\src\test\resources
2025-07-10 12:55:03,688 [Worker-32: Building] INFO  o.a.m.s.f.DefaultMavenResourcesFiltering - Copying 0 resource from src\main\resources to target\classes
2025-07-10 12:55:03,688 [Worker-32: Building] INFO  o.a.m.s.f.DefaultMavenResourcesFiltering - Copying 0 resource from src\main\resources to target\classes
2025-07-10 12:55:03,691 [Worker-32: Building] INFO  o.a.m.s.f.DefaultMavenResourcesFiltering - skip non existing resourceDirectory C:\Users\syead\Documents\Code Folders\email-writer\email-writer-sb\src\test\resources
2025-07-10 12:55:06,535 [Worker-31: Building] INFO  o.a.m.s.f.DefaultMavenResourcesFiltering - Copying 0 resource from src\main\resources to target\classes
2025-07-10 12:55:06,536 [Worker-31: Building] INFO  o.a.m.s.f.DefaultMavenResourcesFiltering - Copying 0 resource from src\main\resources to target\classes
2025-07-10 12:55:06,538 [Worker-31: Building] INFO  o.a.m.s.f.DefaultMavenResourcesFiltering - skip non existing resourceDirectory C:\Users\syead\Documents\Code Folders\email-writer\email-writer-sb\src\test\resources
2025-07-10 12:55:21,902 [Worker-32: Building] INFO  o.a.m.s.f.DefaultMavenResourcesFiltering - Copying 0 resource from src\main\resources to target\classes
2025-07-10 12:55:21,902 [Worker-32: Building] INFO  o.a.m.s.f.DefaultMavenResourcesFiltering - Copying 0 resource from src\main\resources to target\classes
2025-07-10 12:55:21,904 [Worker-32: Building] INFO  o.a.m.s.f.DefaultMavenResourcesFiltering - skip non existing resourceDirectory C:\Users\syead\Documents\Code Folders\email-writer\email-writer-sb\src\test\resources
2025-07-10 12:55:39,768 [Worker-31: Building] INFO  o.a.m.s.f.DefaultMavenResourcesFiltering - Copying 0 resource from src\main\resources to target\classes
2025-07-10 12:55:39,769 [Worker-31: Building] INFO  o.a.m.s.f.DefaultMavenResourcesFiltering - Copying 0 resource from src\main\resources to target\classes
2025-07-10 12:55:39,771 [Worker-31: Building] INFO  o.a.m.s.f.DefaultMavenResourcesFiltering - skip non existing resourceDirectory C:\Users\syead\Documents\Code Folders\email-writer\email-writer-sb\src\test\resources
2025-07-10 12:55:50,115 [Worker-31: Building] INFO  o.a.m.s.f.DefaultMavenResourcesFiltering - Copying 0 resource from src\main\resources to target\classes
2025-07-10 12:55:50,115 [Worker-31: Building] INFO  o.a.m.s.f.DefaultMavenResourcesFiltering - Copying 0 resource from src\main\resources to target\classes
2025-07-10 12:55:50,117 [Worker-31: Building] INFO  o.a.m.s.f.DefaultMavenResourcesFiltering - skip non existing resourceDirectory C:\Users\syead\Documents\Code Folders\email-writer\email-writer-sb\src\test\resources
2025-07-10 13:02:19,564 [Worker-33: Building] INFO  o.a.m.s.f.DefaultMavenResourcesFiltering - Copying 0 resource from src\main\resources to target\classes
2025-07-10 13:02:19,566 [Worker-33: Building] INFO  o.a.m.s.f.DefaultMavenResourcesFiltering - Copying 0 resource from src\main\resources to target\classes
2025-07-10 13:02:19,572 [Worker-33: Building] INFO  o.a.m.s.f.DefaultMavenResourcesFiltering - skip non existing resourceDirectory C:\Users\syead\Documents\Code Folders\email-writer\email-writer-sb\src\test\resources
2025-07-10 13:02:32,456 [Worker-32: Building] INFO  o.a.m.s.f.DefaultMavenResourcesFiltering - Copying 0 resource from src\main\resources to target\classes
2025-07-10 13:02:32,458 [Worker-32: Building] INFO  o.a.m.s.f.DefaultMavenResourcesFiltering - Copying 0 resource from src\main\resources to target\classes
2025-07-10 13:02:32,462 [Worker-32: Building] INFO  o.a.m.s.f.DefaultMavenResourcesFiltering - skip non existing resourceDirectory C:\Users\syead\Documents\Code Folders\email-writer\email-writer-sb\src\test\resources
2025-07-10 13:02:42,396 [Worker-35: Building] INFO  o.a.m.s.f.DefaultMavenResourcesFiltering - Copying 1 resource from src\main\resources to target\classes
2025-07-10 13:02:42,402 [Worker-35: Building] INFO  o.a.m.s.f.DefaultMavenResourcesFiltering - Copying 0 resource from src\main\resources to target\classes
2025-07-10 13:02:42,404 [Worker-35: Building] INFO  o.a.m.s.f.DefaultMavenResourcesFiltering - skip non existing resourceDirectory C:\Users\syead\Documents\Code Folders\email-writer\email-writer-sb\src\test\resources
2025-07-10 13:02:54,914 [Worker-36: Building] INFO  o.a.m.s.f.DefaultMavenResourcesFiltering - Copying 1 resource from src\main\resources to target\classes
2025-07-10 13:02:54,918 [Worker-36: Building] INFO  o.a.m.s.f.DefaultMavenResourcesFiltering - Copying 0 resource from src\main\resources to target\classes
2025-07-10 13:02:54,920 [Worker-36: Building] INFO  o.a.m.s.f.DefaultMavenResourcesFiltering - skip non existing resourceDirectory C:\Users\syead\Documents\Code Folders\email-writer\email-writer-sb\src\test\resources
2025-07-10 13:03:23,125 [Worker-38: Launching Executing install in C__Users_syead_Documents_Code Folders_email-writer_email-writer-sb] INFO  o.eclipse.m2e.core.internal.Bundles - getClasspathEntries(Bundle=org.eclipse.m2e.maven.runtime_3.9.900.20250220-2013 [364])
2025-07-10 13:03:23,126 [Worker-38: Launching Executing install in C__Users_syead_Documents_Code Folders_email-writer_email-writer-sb] INFO  o.eclipse.m2e.core.internal.Bundles - 	Entry: C:\Users\syead\Downloads\sts-4.31.0.RELEASE\plugins\org.eclipse.m2e.maven.runtime_3.9.900.20250220-2013
2025-07-10 13:03:23,126 [Worker-38: Launching Executing install in C__Users_syead_Documents_Code Folders_email-writer_email-writer-sb] INFO  o.eclipse.m2e.core.internal.Bundles - 	Entry: C:\Users\syead\Downloads\sts-4.31.0.RELEASE\plugins\org.eclipse.m2e.maven.runtime_3.9.900.20250220-2013\jars\aopalliance-1.0.jar
2025-07-10 13:03:23,126 [Worker-38: Launching Executing install in C__Users_syead_Documents_Code Folders_email-writer_email-writer-sb] INFO  o.eclipse.m2e.core.internal.Bundles - 	Entry: C:\Users\syead\Downloads\sts-4.31.0.RELEASE\plugins\org.eclipse.m2e.maven.runtime_3.9.900.20250220-2013\jars\guice-5.1.0.jar
2025-07-10 13:03:23,126 [Worker-38: Launching Executing install in C__Users_syead_Documents_Code Folders_email-writer_email-writer-sb] INFO  o.eclipse.m2e.core.internal.Bundles - 	Entry: C:\Users\syead\Downloads\sts-4.31.0.RELEASE\plugins\org.eclipse.m2e.maven.runtime_3.9.900.20250220-2013\jars\httpclient-4.5.14.jar
2025-07-10 13:03:23,127 [Worker-38: Launching Executing install in C__Users_syead_Documents_Code Folders_email-writer_email-writer-sb] INFO  o.eclipse.m2e.core.internal.Bundles - 	Entry: C:\Users\syead\Downloads\sts-4.31.0.RELEASE\plugins\org.eclipse.m2e.maven.runtime_3.9.900.20250220-2013\jars\httpcore-4.4.16.jar
2025-07-10 13:03:23,127 [Worker-38: Launching Executing install in C__Users_syead_Documents_Code Folders_email-writer_email-writer-sb] INFO  o.eclipse.m2e.core.internal.Bundles - 	Entry: C:\Users\syead\Downloads\sts-4.31.0.RELEASE\plugins\org.eclipse.m2e.maven.runtime_3.9.900.20250220-2013\jars\jansi-2.4.1.jar
2025-07-10 13:03:23,127 [Worker-38: Launching Executing install in C__Users_syead_Documents_Code Folders_email-writer_email-writer-sb] INFO  o.eclipse.m2e.core.internal.Bundles - 	Entry: C:\Users\syead\Downloads\sts-4.31.0.RELEASE\plugins\org.eclipse.m2e.maven.runtime_3.9.900.20250220-2013\jars\jcl-over-slf4j-1.7.36.jar
2025-07-10 13:03:23,127 [Worker-38: Launching Executing install in C__Users_syead_Documents_Code Folders_email-writer_email-writer-sb] INFO  o.eclipse.m2e.core.internal.Bundles - 	Entry: C:\Users\syead\Downloads\sts-4.31.0.RELEASE\plugins\org.eclipse.m2e.maven.runtime_3.9.900.20250220-2013\jars\maven-artifact-3.9.9.jar
2025-07-10 13:03:23,127 [Worker-38: Launching Executing install in C__Users_syead_Documents_Code Folders_email-writer_email-writer-sb] INFO  o.eclipse.m2e.core.internal.Bundles - 	Entry: C:\Users\syead\Downloads\sts-4.31.0.RELEASE\plugins\org.eclipse.m2e.maven.runtime_3.9.900.20250220-2013\jars\maven-builder-support-3.9.9.jar
2025-07-10 13:03:23,127 [Worker-38: Launching Executing install in C__Users_syead_Documents_Code Folders_email-writer_email-writer-sb] INFO  o.eclipse.m2e.core.internal.Bundles - 	Entry: C:\Users\syead\Downloads\sts-4.31.0.RELEASE\plugins\org.eclipse.m2e.maven.runtime_3.9.900.20250220-2013\jars\maven-compat-3.9.9.jar
2025-07-10 13:03:23,127 [Worker-38: Launching Executing install in C__Users_syead_Documents_Code Folders_email-writer_email-writer-sb] INFO  o.eclipse.m2e.core.internal.Bundles - 	Entry: C:\Users\syead\Downloads\sts-4.31.0.RELEASE\plugins\org.eclipse.m2e.maven.runtime_3.9.900.20250220-2013\jars\maven-core-3.9.9.jar
2025-07-10 13:03:23,127 [Worker-38: Launching Executing install in C__Users_syead_Documents_Code Folders_email-writer_email-writer-sb] INFO  o.eclipse.m2e.core.internal.Bundles - 	Entry: C:\Users\syead\Downloads\sts-4.31.0.RELEASE\plugins\org.eclipse.m2e.maven.runtime_3.9.900.20250220-2013\jars\maven-embedder-3.9.9.jar
2025-07-10 13:03:23,127 [Worker-38: Launching Executing install in C__Users_syead_Documents_Code Folders_email-writer_email-writer-sb] INFO  o.eclipse.m2e.core.internal.Bundles - 	Entry: C:\Users\syead\Downloads\sts-4.31.0.RELEASE\plugins\org.eclipse.m2e.maven.runtime_3.9.900.20250220-2013\jars\maven-model-3.9.9.jar
2025-07-10 13:03:23,127 [Worker-38: Launching Executing install in C__Users_syead_Documents_Code Folders_email-writer_email-writer-sb] INFO  o.eclipse.m2e.core.internal.Bundles - 	Entry: C:\Users\syead\Downloads\sts-4.31.0.RELEASE\plugins\org.eclipse.m2e.maven.runtime_3.9.900.20250220-2013\jars\maven-model-builder-3.9.9.jar
2025-07-10 13:03:23,127 [Worker-38: Launching Executing install in C__Users_syead_Documents_Code Folders_email-writer_email-writer-sb] INFO  o.eclipse.m2e.core.internal.Bundles - 	Entry: C:\Users\syead\Downloads\sts-4.31.0.RELEASE\plugins\org.eclipse.m2e.maven.runtime_3.9.900.20250220-2013\jars\maven-plugin-api-3.9.9.jar
2025-07-10 13:03:23,127 [Worker-38: Launching Executing install in C__Users_syead_Documents_Code Folders_email-writer_email-writer-sb] INFO  o.eclipse.m2e.core.internal.Bundles - 	Entry: C:\Users\syead\Downloads\sts-4.31.0.RELEASE\plugins\org.eclipse.m2e.maven.runtime_3.9.900.20250220-2013\jars\maven-repository-metadata-3.9.9.jar
2025-07-10 13:03:23,128 [Worker-38: Launching Executing install in C__Users_syead_Documents_Code Folders_email-writer_email-writer-sb] INFO  o.eclipse.m2e.core.internal.Bundles - 	Entry: C:\Users\syead\Downloads\sts-4.31.0.RELEASE\plugins\org.eclipse.m2e.maven.runtime_3.9.900.20250220-2013\jars\maven-resolver-api-1.9.22.jar
2025-07-10 13:03:23,128 [Worker-38: Launching Executing install in C__Users_syead_Documents_Code Folders_email-writer_email-writer-sb] INFO  o.eclipse.m2e.core.internal.Bundles - 	Entry: C:\Users\syead\Downloads\sts-4.31.0.RELEASE\plugins\org.eclipse.m2e.maven.runtime_3.9.900.20250220-2013\jars\maven-resolver-connector-basic-1.9.22.jar
2025-07-10 13:03:23,128 [Worker-38: Launching Executing install in C__Users_syead_Documents_Code Folders_email-writer_email-writer-sb] INFO  o.eclipse.m2e.core.internal.Bundles - 	Entry: C:\Users\syead\Downloads\sts-4.31.0.RELEASE\plugins\org.eclipse.m2e.maven.runtime_3.9.900.20250220-2013\jars\maven-resolver-impl-1.9.22.jar
2025-07-10 13:03:23,128 [Worker-38: Launching Executing install in C__Users_syead_Documents_Code Folders_email-writer_email-writer-sb] INFO  o.eclipse.m2e.core.internal.Bundles - 	Entry: C:\Users\syead\Downloads\sts-4.31.0.RELEASE\plugins\org.eclipse.m2e.maven.runtime_3.9.900.20250220-2013\jars\maven-resolver-named-locks-1.9.22.jar
2025-07-10 13:03:23,128 [Worker-38: Launching Executing install in C__Users_syead_Documents_Code Folders_email-writer_email-writer-sb] INFO  o.eclipse.m2e.core.internal.Bundles - 	Entry: C:\Users\syead\Downloads\sts-4.31.0.RELEASE\plugins\org.eclipse.m2e.maven.runtime_3.9.900.20250220-2013\jars\maven-resolver-provider-3.9.9.jar
2025-07-10 13:03:23,128 [Worker-38: Launching Executing install in C__Users_syead_Documents_Code Folders_email-writer_email-writer-sb] INFO  o.eclipse.m2e.core.internal.Bundles - 	Entry: C:\Users\syead\Downloads\sts-4.31.0.RELEASE\plugins\org.eclipse.m2e.maven.runtime_3.9.900.20250220-2013\jars\maven-resolver-spi-1.9.22.jar
2025-07-10 13:03:23,128 [Worker-38: Launching Executing install in C__Users_syead_Documents_Code Folders_email-writer_email-writer-sb] INFO  o.eclipse.m2e.core.internal.Bundles - 	Entry: C:\Users\syead\Downloads\sts-4.31.0.RELEASE\plugins\org.eclipse.m2e.maven.runtime_3.9.900.20250220-2013\jars\maven-resolver-transport-file-1.9.22.jar
2025-07-10 13:03:23,128 [Worker-38: Launching Executing install in C__Users_syead_Documents_Code Folders_email-writer_email-writer-sb] INFO  o.eclipse.m2e.core.internal.Bundles - 	Entry: C:\Users\syead\Downloads\sts-4.31.0.RELEASE\plugins\org.eclipse.m2e.maven.runtime_3.9.900.20250220-2013\jars\maven-resolver-transport-http-1.9.22.jar
2025-07-10 13:03:23,129 [Worker-38: Launching Executing install in C__Users_syead_Documents_Code Folders_email-writer_email-writer-sb] INFO  o.eclipse.m2e.core.internal.Bundles - 	Entry: C:\Users\syead\Downloads\sts-4.31.0.RELEASE\plugins\org.eclipse.m2e.maven.runtime_3.9.900.20250220-2013\jars\maven-resolver-transport-wagon-1.9.22.jar
2025-07-10 13:03:23,129 [Worker-38: Launching Executing install in C__Users_syead_Documents_Code Folders_email-writer_email-writer-sb] INFO  o.eclipse.m2e.core.internal.Bundles - 	Entry: C:\Users\syead\Downloads\sts-4.31.0.RELEASE\plugins\org.eclipse.m2e.maven.runtime_3.9.900.20250220-2013\jars\maven-resolver-util-1.9.22.jar
2025-07-10 13:03:23,129 [Worker-38: Launching Executing install in C__Users_syead_Documents_Code Folders_email-writer_email-writer-sb] INFO  o.eclipse.m2e.core.internal.Bundles - 	Entry: C:\Users\syead\Downloads\sts-4.31.0.RELEASE\plugins\org.eclipse.m2e.maven.runtime_3.9.900.20250220-2013\jars\maven-settings-3.9.9.jar
2025-07-10 13:03:23,129 [Worker-38: Launching Executing install in C__Users_syead_Documents_Code Folders_email-writer_email-writer-sb] INFO  o.eclipse.m2e.core.internal.Bundles - 	Entry: C:\Users\syead\Downloads\sts-4.31.0.RELEASE\plugins\org.eclipse.m2e.maven.runtime_3.9.900.20250220-2013\jars\maven-settings-builder-3.9.9.jar
2025-07-10 13:03:23,129 [Worker-38: Launching Executing install in C__Users_syead_Documents_Code Folders_email-writer_email-writer-sb] INFO  o.eclipse.m2e.core.internal.Bundles - 	Entry: C:\Users\syead\Downloads\sts-4.31.0.RELEASE\plugins\org.eclipse.m2e.maven.runtime_3.9.900.20250220-2013\jars\maven-shared-utils-3.4.2.jar
2025-07-10 13:03:23,129 [Worker-38: Launching Executing install in C__Users_syead_Documents_Code Folders_email-writer_email-writer-sb] INFO  o.eclipse.m2e.core.internal.Bundles - 	Entry: C:\Users\syead\Downloads\sts-4.31.0.RELEASE\plugins\org.eclipse.m2e.maven.runtime_3.9.900.20250220-2013\jars\org.eclipse.sisu.inject-0.9.0.M3.jar
2025-07-10 13:03:23,129 [Worker-38: Launching Executing install in C__Users_syead_Documents_Code Folders_email-writer_email-writer-sb] INFO  o.eclipse.m2e.core.internal.Bundles - 	Entry: C:\Users\syead\Downloads\sts-4.31.0.RELEASE\plugins\org.eclipse.m2e.maven.runtime_3.9.900.20250220-2013\jars\org.eclipse.sisu.plexus-0.9.0.M3.jar
2025-07-10 13:03:23,129 [Worker-38: Launching Executing install in C__Users_syead_Documents_Code Folders_email-writer_email-writer-sb] INFO  o.eclipse.m2e.core.internal.Bundles - 	Entry: C:\Users\syead\Downloads\sts-4.31.0.RELEASE\plugins\org.eclipse.m2e.maven.runtime_3.9.900.20250220-2013\jars\plexus-build-api-0.0.7.jar
2025-07-10 13:03:23,130 [Worker-38: Launching Executing install in C__Users_syead_Documents_Code Folders_email-writer_email-writer-sb] INFO  o.eclipse.m2e.core.internal.Bundles - 	Entry: C:\Users\syead\Downloads\sts-4.31.0.RELEASE\plugins\org.eclipse.m2e.maven.runtime_3.9.900.20250220-2013\jars\plexus-build-api-1.2.0.jar
2025-07-10 13:03:23,130 [Worker-38: Launching Executing install in C__Users_syead_Documents_Code Folders_email-writer_email-writer-sb] INFO  o.eclipse.m2e.core.internal.Bundles - 	Entry: C:\Users\syead\Downloads\sts-4.31.0.RELEASE\plugins\org.eclipse.m2e.maven.runtime_3.9.900.20250220-2013\jars\plexus-cipher-2.0.jar
2025-07-10 13:03:23,130 [Worker-38: Launching Executing install in C__Users_syead_Documents_Code Folders_email-writer_email-writer-sb] INFO  o.eclipse.m2e.core.internal.Bundles - 	Entry: C:\Users\syead\Downloads\sts-4.31.0.RELEASE\plugins\org.eclipse.m2e.maven.runtime_3.9.900.20250220-2013\jars\plexus-classworlds-2.8.0.jar
2025-07-10 13:03:23,130 [Worker-38: Launching Executing install in C__Users_syead_Documents_Code Folders_email-writer_email-writer-sb] INFO  o.eclipse.m2e.core.internal.Bundles - 	Entry: C:\Users\syead\Downloads\sts-4.31.0.RELEASE\plugins\org.eclipse.m2e.maven.runtime_3.9.900.20250220-2013\jars\plexus-component-annotations-2.1.0.jar
2025-07-10 13:03:23,130 [Worker-38: Launching Executing install in C__Users_syead_Documents_Code Folders_email-writer_email-writer-sb] INFO  o.eclipse.m2e.core.internal.Bundles - 	Entry: C:\Users\syead\Downloads\sts-4.31.0.RELEASE\plugins\org.eclipse.m2e.maven.runtime_3.9.900.20250220-2013\jars\plexus-interpolation-1.27.jar
2025-07-10 13:03:23,130 [Worker-38: Launching Executing install in C__Users_syead_Documents_Code Folders_email-writer_email-writer-sb] INFO  o.eclipse.m2e.core.internal.Bundles - 	Entry: C:\Users\syead\Downloads\sts-4.31.0.RELEASE\plugins\org.eclipse.m2e.maven.runtime_3.9.900.20250220-2013\jars\plexus-sec-dispatcher-2.0.jar
2025-07-10 13:03:23,130 [Worker-38: Launching Executing install in C__Users_syead_Documents_Code Folders_email-writer_email-writer-sb] INFO  o.eclipse.m2e.core.internal.Bundles - 	Entry: C:\Users\syead\Downloads\sts-4.31.0.RELEASE\plugins\org.eclipse.m2e.maven.runtime_3.9.900.20250220-2013\jars\plexus-utils-3.5.1.jar
2025-07-10 13:03:23,130 [Worker-38: Launching Executing install in C__Users_syead_Documents_Code Folders_email-writer_email-writer-sb] INFO  o.eclipse.m2e.core.internal.Bundles - 	Entry: C:\Users\syead\Downloads\sts-4.31.0.RELEASE\plugins\org.eclipse.m2e.maven.runtime_3.9.900.20250220-2013\jars\plexus-xml-3.0.1.jar
2025-07-10 13:03:23,130 [Worker-38: Launching Executing install in C__Users_syead_Documents_Code Folders_email-writer_email-writer-sb] INFO  o.eclipse.m2e.core.internal.Bundles - 	Entry: C:\Users\syead\Downloads\sts-4.31.0.RELEASE\plugins\org.eclipse.m2e.maven.runtime_3.9.900.20250220-2013\jars\wagon-file-3.5.3.jar
2025-07-10 13:03:23,130 [Worker-38: Launching Executing install in C__Users_syead_Documents_Code Folders_email-writer_email-writer-sb] INFO  o.eclipse.m2e.core.internal.Bundles - 	Entry: C:\Users\syead\Downloads\sts-4.31.0.RELEASE\plugins\org.eclipse.m2e.maven.runtime_3.9.900.20250220-2013\jars\wagon-http-3.5.3.jar
2025-07-10 13:03:23,131 [Worker-38: Launching Executing install in C__Users_syead_Documents_Code Folders_email-writer_email-writer-sb] INFO  o.eclipse.m2e.core.internal.Bundles - 	Entry: C:\Users\syead\Downloads\sts-4.31.0.RELEASE\plugins\org.eclipse.m2e.maven.runtime_3.9.900.20250220-2013\jars\wagon-http-shared-3.5.3.jar
2025-07-10 13:03:23,131 [Worker-38: Launching Executing install in C__Users_syead_Documents_Code Folders_email-writer_email-writer-sb] INFO  o.eclipse.m2e.core.internal.Bundles - 	Entry: C:\Users\syead\Downloads\sts-4.31.0.RELEASE\plugins\org.eclipse.m2e.maven.runtime_3.9.900.20250220-2013\jars\wagon-provider-api-3.5.3.jar
2025-07-10 13:03:23,131 [Worker-38: Launching Executing install in C__Users_syead_Documents_Code Folders_email-writer_email-writer-sb] INFO  o.eclipse.m2e.core.internal.Bundles - getClasspathEntries(Bundle=com.google.guava_33.4.8.jre [31])
2025-07-10 13:03:23,131 [Worker-38: Launching Executing install in C__Users_syead_Documents_Code Folders_email-writer_email-writer-sb] INFO  o.eclipse.m2e.core.internal.Bundles - 	Entry: C:\Users\syead\Downloads\sts-4.31.0.RELEASE\plugins\com.google.guava_33.4.8.jre.jar
2025-07-10 13:03:23,131 [Worker-38: Launching Executing install in C__Users_syead_Documents_Code Folders_email-writer_email-writer-sb] INFO  o.eclipse.m2e.core.internal.Bundles - getClasspathEntries(Bundle=slf4j.api_2.0.17 [613])
2025-07-10 13:03:23,131 [Worker-38: Launching Executing install in C__Users_syead_Documents_Code Folders_email-writer_email-writer-sb] INFO  o.eclipse.m2e.core.internal.Bundles - 	Entry: C:\Users\syead\Downloads\sts-4.31.0.RELEASE\plugins\slf4j.api_2.0.17.jar
2025-07-10 13:03:23,131 [Worker-38: Launching Executing install in C__Users_syead_Documents_Code Folders_email-writer_email-writer-sb] INFO  o.eclipse.m2e.core.internal.Bundles - getClasspathEntries(Bundle=jakarta.inject.jakarta.inject-api_1.0.5 [46])
2025-07-10 13:03:23,132 [Worker-38: Launching Executing install in C__Users_syead_Documents_Code Folders_email-writer_email-writer-sb] INFO  o.eclipse.m2e.core.internal.Bundles - 	Entry: C:\Users\syead\Downloads\sts-4.31.0.RELEASE\plugins\jakarta.inject.jakarta.inject-api_1.0.5.jar
2025-07-10 13:03:23,132 [Worker-38: Launching Executing install in C__Users_syead_Documents_Code Folders_email-writer_email-writer-sb] INFO  o.eclipse.m2e.core.internal.Bundles - getClasspathEntries(Bundle=javax.annotation_1.3.5.v20200909-1856 [55])
2025-07-10 13:03:23,132 [Worker-38: Launching Executing install in C__Users_syead_Documents_Code Folders_email-writer_email-writer-sb] INFO  o.eclipse.m2e.core.internal.Bundles - 	Entry: C:\Users\syead\Downloads\sts-4.31.0.RELEASE\plugins\javax.annotation_1.3.5.v20200909-1856.jar
2025-07-10 13:03:23,132 [Worker-38: Launching Executing install in C__Users_syead_Documents_Code Folders_email-writer_email-writer-sb] INFO  o.eclipse.m2e.core.internal.Bundles - getClasspathEntries(Bundle=org.apache.commons.cli_1.9.0 [79])
2025-07-10 13:03:23,132 [Worker-38: Launching Executing install in C__Users_syead_Documents_Code Folders_email-writer_email-writer-sb] INFO  o.eclipse.m2e.core.internal.Bundles - 	Entry: C:\Users\syead\Downloads\sts-4.31.0.RELEASE\plugins\org.apache.commons.cli_1.9.0.jar
2025-07-10 13:03:23,132 [Worker-38: Launching Executing install in C__Users_syead_Documents_Code Folders_email-writer_email-writer-sb] INFO  o.eclipse.m2e.core.internal.Bundles - getClasspathEntries(Bundle=org.apache.commons.commons-codec_1.16.0 [81])
2025-07-10 13:03:23,132 [Worker-38: Launching Executing install in C__Users_syead_Documents_Code Folders_email-writer_email-writer-sb] INFO  o.eclipse.m2e.core.internal.Bundles - 	Entry: C:\Users\syead\Downloads\sts-4.31.0.RELEASE\plugins\org.apache.commons.commons-codec_1.16.0.jar
2025-07-10 13:03:23,132 [Worker-38: Launching Executing install in C__Users_syead_Documents_Code Folders_email-writer_email-writer-sb] INFO  o.eclipse.m2e.core.internal.Bundles - getClasspathEntries(Bundle=com.google.guava.failureaccess_1.0.3 [32])
2025-07-10 13:03:23,132 [Worker-38: Launching Executing install in C__Users_syead_Documents_Code Folders_email-writer_email-writer-sb] INFO  o.eclipse.m2e.core.internal.Bundles - 	Entry: C:\Users\syead\Downloads\sts-4.31.0.RELEASE\plugins\com.google.guava.failureaccess_1.0.3.jar
2025-07-10 13:03:23,134 [Worker-38: Launching Executing install in C__Users_syead_Documents_Code Folders_email-writer_email-writer-sb] INFO  o.e.m.i.launch.MavenLaunchDelegate - Run build in "C:\Users\syead\Documents\Code Folders\email-writer\email-writer-sb":
2025-07-10 13:03:23,134 [Worker-38: Launching Executing install in C__Users_syead_Documents_Code Folders_email-writer_email-writer-sb] INFO  o.e.m.i.launch.MavenLaunchDelegate -  mvn  -B -Dstyle.color=always install
2025-07-10 14:05:26,806 [Worker-39: Building] INFO  o.a.m.s.f.DefaultMavenResourcesFiltering - Copying 0 resource from src\main\resources to target\classes
2025-07-10 14:05:26,807 [Worker-39: Building] INFO  o.a.m.s.f.DefaultMavenResourcesFiltering - Copying 0 resource from src\main\resources to target\classes
2025-07-10 14:05:26,810 [Worker-39: Building] INFO  o.a.m.s.f.DefaultMavenResourcesFiltering - skip non existing resourceDirectory C:\Users\syead\Documents\Code Folders\email-writer\email-writer-sb\src\test\resources
2025-07-10 14:05:35,235 [Worker-41: Building] INFO  o.a.m.s.f.DefaultMavenResourcesFiltering - Copying 0 resource from src\main\resources to target\classes
2025-07-10 14:05:35,237 [Worker-41: Building] INFO  o.a.m.s.f.DefaultMavenResourcesFiltering - Copying 0 resource from src\main\resources to target\classes
2025-07-10 14:05:35,244 [Worker-41: Building] INFO  o.a.m.s.f.DefaultMavenResourcesFiltering - skip non existing resourceDirectory C:\Users\syead\Documents\Code Folders\email-writer\email-writer-sb\src\test\resources
2025-07-10 14:07:32,231 [Worker-46: Building] INFO  o.a.m.s.f.DefaultMavenResourcesFiltering - Copying 0 resource from src\main\resources to target\classes
2025-07-10 14:07:32,232 [Worker-46: Building] INFO  o.a.m.s.f.DefaultMavenResourcesFiltering - Copying 0 resource from src\main\resources to target\classes
2025-07-10 14:07:32,236 [Worker-46: Building] INFO  o.a.m.s.f.DefaultMavenResourcesFiltering - skip non existing resourceDirectory C:\Users\syead\Documents\Code Folders\email-writer\email-writer-sb\src\test\resources
2025-07-10 14:07:57,456 [Worker-46: Building] INFO  o.a.m.s.f.DefaultMavenResourcesFiltering - Copying 0 resource from src\main\resources to target\classes
2025-07-10 14:07:57,457 [Worker-46: Building] INFO  o.a.m.s.f.DefaultMavenResourcesFiltering - Copying 0 resource from src\main\resources to target\classes
2025-07-10 14:07:57,461 [Worker-46: Building] INFO  o.a.m.s.f.DefaultMavenResourcesFiltering - skip non existing resourceDirectory C:\Users\syead\Documents\Code Folders\email-writer\email-writer-sb\src\test\resources
2025-07-10 14:24:38,125 [Worker-49: Building] INFO  o.a.m.s.f.DefaultMavenResourcesFiltering - Copying 0 resource from src\main\resources to target\classes
2025-07-10 14:24:38,129 [Worker-49: Building] INFO  o.a.m.s.f.DefaultMavenResourcesFiltering - Copying 0 resource from src\main\resources to target\classes
2025-07-10 14:24:38,133 [Worker-49: Building] INFO  o.a.m.s.f.DefaultMavenResourcesFiltering - skip non existing resourceDirectory C:\Users\syead\Documents\Code Folders\email-writer\email-writer-sb\src\test\resources
2025-07-10 14:24:58,164 [Worker-49: Building] INFO  o.a.m.s.f.DefaultMavenResourcesFiltering - Copying 0 resource from src\main\resources to target\classes
2025-07-10 14:24:58,165 [Worker-49: Building] INFO  o.a.m.s.f.DefaultMavenResourcesFiltering - Copying 0 resource from src\main\resources to target\classes
2025-07-10 14:24:58,168 [Worker-49: Building] INFO  o.a.m.s.f.DefaultMavenResourcesFiltering - skip non existing resourceDirectory C:\Users\syead\Documents\Code Folders\email-writer\email-writer-sb\src\test\resources
2025-07-10 14:25:18,781 [Worker-36: Building] INFO  o.a.m.s.f.DefaultMavenResourcesFiltering - Copying 0 resource from src\main\resources to target\classes
2025-07-10 14:25:18,782 [Worker-36: Building] INFO  o.a.m.s.f.DefaultMavenResourcesFiltering - Copying 0 resource from src\main\resources to target\classes
2025-07-10 14:25:18,788 [Worker-36: Building] INFO  o.a.m.s.f.DefaultMavenResourcesFiltering - skip non existing resourceDirectory C:\Users\syead\Documents\Code Folders\email-writer\email-writer-sb\src\test\resources
2025-07-10 14:25:27,931 [Worker-36: Building] INFO  o.a.m.s.f.DefaultMavenResourcesFiltering - Copying 0 resource from src\main\resources to target\classes
2025-07-10 14:25:27,932 [Worker-36: Building] INFO  o.a.m.s.f.DefaultMavenResourcesFiltering - Copying 0 resource from src\main\resources to target\classes
2025-07-10 14:25:27,936 [Worker-36: Building] INFO  o.a.m.s.f.DefaultMavenResourcesFiltering - skip non existing resourceDirectory C:\Users\syead\Documents\Code Folders\email-writer\email-writer-sb\src\test\resources
2025-07-10 18:44:12,429 [Worker-69: Building] INFO  o.a.m.s.f.DefaultMavenResourcesFiltering - Copying 0 resource from src\main\resources to target\classes
2025-07-10 18:44:12,431 [Worker-69: Building] INFO  o.a.m.s.f.DefaultMavenResourcesFiltering - Copying 0 resource from src\main\resources to target\classes
2025-07-10 18:44:12,436 [Worker-69: Building] INFO  o.a.m.s.f.DefaultMavenResourcesFiltering - skip non existing resourceDirectory C:\Users\syead\Documents\Code Folders\email-writer\email-writer-sb\src\test\resources
2025-07-10 18:44:25,963 [Worker-71: Building] INFO  o.a.m.s.f.DefaultMavenResourcesFiltering - Copying 0 resource from src\main\resources to target\classes
2025-07-10 18:44:25,965 [Worker-71: Building] INFO  o.a.m.s.f.DefaultMavenResourcesFiltering - Copying 0 resource from src\main\resources to target\classes
2025-07-10 18:44:25,968 [Worker-71: Building] INFO  o.a.m.s.f.DefaultMavenResourcesFiltering - skip non existing resourceDirectory C:\Users\syead\Documents\Code Folders\email-writer\email-writer-sb\src\test\resources
2025-07-10 20:44:44,349 [Worker-1: Loading available Gradle versions] INFO  o.e.b.c.i.u.g.PublishedGradleVersions - Gradle version information cache is up-to-date. Trying to read.
2025-07-10 22:44:47,246 [Worker-6: Loading available Gradle versions] INFO  o.e.b.c.i.u.g.PublishedGradleVersions - Gradle version information cache is up-to-date. Trying to read.
2025-07-10 22:45:33,221 [Worker-1: Building] INFO  o.e.m.c.i.l.LifecycleMappingFactory - Using org.eclipse.m2e.jdt.JarLifecycleMapping lifecycle mapping for MavenProject: com.email:email-writer-sb:v1.0 @ C:\Users\syead\Documents\Code Folders\email-writer\email-writer-sb\pom.xml.
2025-07-10 22:45:34,124 [Worker-1: Building] INFO  o.a.m.s.f.DefaultMavenResourcesFiltering - Copying 1 resource from src\main\resources to target\classes
2025-07-10 22:45:34,141 [Worker-1: Building] INFO  o.a.m.s.f.DefaultMavenResourcesFiltering - Copying 0 resource from src\main\resources to target\classes
2025-07-10 22:45:34,146 [Worker-1: Building] INFO  o.a.m.s.f.DefaultMavenResourcesFiltering - skip non existing resourceDirectory C:\Users\syead\Documents\Code Folders\email-writer\email-writer-sb\src\test\resources
2025-07-10 22:45:36,581 [Worker-7: Building] INFO  o.a.m.s.f.DefaultMavenResourcesFiltering - Copying 1 resource from src\main\resources to target\classes
2025-07-10 22:45:36,588 [Worker-7: Building] INFO  o.a.m.s.f.DefaultMavenResourcesFiltering - Copying 0 resource from src\main\resources to target\classes
2025-07-10 22:45:36,591 [Worker-7: Building] INFO  o.a.m.s.f.DefaultMavenResourcesFiltering - skip non existing resourceDirectory C:\Users\syead\Documents\Code Folders\email-writer\email-writer-sb\src\test\resources
